<?xml version="1.0" encoding="UTF-8"?>
<robot generator="Robot 4.0.3 (Python 3.9.5 on win32)" generated="20210613 21:12:59.158" rpa="false" schemaversion="2">
<suite id="s1" name="Run" source="C:\xampp\htdocs\Zhooter\test\run.robot">
<test id="s1-t1" name="TR1.3">
<kw name="Ejecutar juego">
<kw name="Open Browser" library="SeleniumLibrary">
<arg>${pagina}</arg>
<arg>${browser}</arg>
<arg>service_log_path=${{os.path.devnull}}</arg>
<doc>Opens a new browser instance to the optional ``url``.</doc>
<msg timestamp="20210613 21:12:59.399" level="INFO">Opening browser 'headlessfirefox' to base url 'http://localhost/Zhooter'.</msg>
<msg timestamp="20210613 21:12:59.399" level="INFO">Browser driver log file created to: C:\xampp\htdocs\Zhooter\test\nul</msg>
<status status="PASS" starttime="20210613 21:12:59.398" endtime="20210613 21:13:05.683"/>
</kw>
<kw name="Click Element" library="SeleniumLibrary">
<arg>class:button</arg>
<doc>Click the element identified by ``locator``.</doc>
<msg timestamp="20210613 21:13:05.683" level="INFO">Clicking element 'class:button'.</msg>
<status status="PASS" starttime="20210613 21:13:05.683" endtime="20210613 21:13:05.925"/>
</kw>
<kw name="Sleep" library="BuiltIn">
<arg>1s</arg>
<doc>Pauses the test executed for the given time.</doc>
<msg timestamp="20210613 21:13:06.932" level="INFO">Slept 1 second</msg>
<status status="PASS" starttime="20210613 21:13:05.925" endtime="20210613 21:13:06.932"/>
</kw>
<kw name="Execute Javascript" library="SeleniumLibrary">
<arg>document.getElementsByClassName('character')[0].click()</arg>
<doc>Executes the given JavaScript code with possible arguments.</doc>
<msg timestamp="20210613 21:13:06.933" level="INFO">Executing JavaScript:
document.getElementsByClassName('character')[0].click()
Without any arguments.</msg>
<status status="PASS" starttime="20210613 21:13:06.932" endtime="20210613 21:13:06.943"/>
</kw>
<kw name="Sleep" library="BuiltIn">
<arg>1s</arg>
<doc>Pauses the test executed for the given time.</doc>
<msg timestamp="20210613 21:13:07.949" level="INFO">Slept 1 second</msg>
<status status="PASS" starttime="20210613 21:13:06.943" endtime="20210613 21:13:07.950"/>
</kw>
<status status="PASS" starttime="20210613 21:12:59.397" endtime="20210613 21:13:07.950"/>
</kw>
<kw name="Frenar zombis">
<kw name="Execute Javascript" library="SeleniumLibrary">
<arg>clearInterval(interval_attack);</arg>
<doc>Executes the given JavaScript code with possible arguments.</doc>
<msg timestamp="20210613 21:13:07.951" level="INFO">Executing JavaScript:
clearInterval(interval_attack);
Without any arguments.</msg>
<status status="PASS" starttime="20210613 21:13:07.950" endtime="20210613 21:13:07.955"/>
</kw>
<status status="PASS" starttime="20210613 21:13:07.950" endtime="20210613 21:13:07.955"/>
</kw>
<kw name="Disparar">
<kw name="Execute Javascript" library="SeleniumLibrary">
<var>${ammo0}</var>
<arg>return (character.weaponActual.getAmmo()-4);</arg>
<doc>Executes the given JavaScript code with possible arguments.</doc>
<msg timestamp="20210613 21:13:07.956" level="INFO">Executing JavaScript:
return (character.weaponActual.getAmmo()-4);
Without any arguments.</msg>
<msg timestamp="20210613 21:13:07.960" level="INFO">${ammo0} = 16</msg>
<status status="PASS" starttime="20210613 21:13:07.955" endtime="20210613 21:13:07.960"/>
</kw>
<kw name="Press Keys" library="SeleniumLibrary">
<arg>none</arg>
<arg>ARROW_UP</arg>
<doc>Simulates the user pressing key(s) to an element or on the active browser.</doc>
<msg timestamp="20210613 21:13:07.960" level="INFO">Sending key(s) ('ARROW_UP',) to page.</msg>
<msg timestamp="20210613 21:13:07.960" level="INFO">Pressing special key ARROW_UP to browser.</msg>
<msg timestamp="20210613 21:13:07.960" level="INFO">Releasing special key ARROW_UP.</msg>
<status status="PASS" starttime="20210613 21:13:07.960" endtime="20210613 21:13:07.975"/>
</kw>
<kw name="Press Keys" library="SeleniumLibrary">
<arg>none</arg>
<arg>ARROW_DOWN</arg>
<doc>Simulates the user pressing key(s) to an element or on the active browser.</doc>
<msg timestamp="20210613 21:13:07.976" level="INFO">Sending key(s) ('ARROW_DOWN',) to page.</msg>
<msg timestamp="20210613 21:13:07.976" level="INFO">Pressing special key ARROW_DOWN to browser.</msg>
<msg timestamp="20210613 21:13:07.976" level="INFO">Releasing special key ARROW_DOWN.</msg>
<status status="PASS" starttime="20210613 21:13:07.975" endtime="20210613 21:13:07.984"/>
</kw>
<kw name="Press Keys" library="SeleniumLibrary">
<arg>none</arg>
<arg>ARROW_LEFT</arg>
<doc>Simulates the user pressing key(s) to an element or on the active browser.</doc>
<msg timestamp="20210613 21:13:07.984" level="INFO">Sending key(s) ('ARROW_LEFT',) to page.</msg>
<msg timestamp="20210613 21:13:07.984" level="INFO">Pressing special key ARROW_LEFT to browser.</msg>
<msg timestamp="20210613 21:13:07.984" level="INFO">Releasing special key ARROW_LEFT.</msg>
<status status="PASS" starttime="20210613 21:13:07.984" endtime="20210613 21:13:07.998"/>
</kw>
<kw name="Press Keys" library="SeleniumLibrary">
<arg>none</arg>
<arg>ARROW_RIGHT</arg>
<doc>Simulates the user pressing key(s) to an element or on the active browser.</doc>
<msg timestamp="20210613 21:13:07.998" level="INFO">Sending key(s) ('ARROW_RIGHT',) to page.</msg>
<msg timestamp="20210613 21:13:07.998" level="INFO">Pressing special key ARROW_RIGHT to browser.</msg>
<msg timestamp="20210613 21:13:07.998" level="INFO">Releasing special key ARROW_RIGHT.</msg>
<status status="PASS" starttime="20210613 21:13:07.998" endtime="20210613 21:13:08.013"/>
</kw>
<kw name="Execute Javascript" library="SeleniumLibrary">
<var>${ammo1}</var>
<arg>return character.weaponActual.getAmmo();</arg>
<doc>Executes the given JavaScript code with possible arguments.</doc>
<msg timestamp="20210613 21:13:08.014" level="INFO">Executing JavaScript:
return character.weaponActual.getAmmo();
Without any arguments.</msg>
<msg timestamp="20210613 21:13:08.018" level="INFO">${ammo1} = 16</msg>
<status status="PASS" starttime="20210613 21:13:08.013" endtime="20210613 21:13:08.018"/>
</kw>
<kw name="Should Be Equal" library="BuiltIn">
<arg>${ammo1}</arg>
<arg>${ammo0}</arg>
<doc>Fails if the given objects are unequal.</doc>
<status status="PASS" starttime="20210613 21:13:08.018" endtime="20210613 21:13:08.018"/>
</kw>
<status status="PASS" starttime="20210613 21:13:07.955" endtime="20210613 21:13:08.019"/>
</kw>
<kw name="Cerrar navegador">
<kw name="Sleep" library="BuiltIn">
<arg>1s</arg>
<doc>Pauses the test executed for the given time.</doc>
<msg timestamp="20210613 21:13:09.023" level="INFO">Slept 1 second</msg>
<status status="PASS" starttime="20210613 21:13:08.019" endtime="20210613 21:13:09.024"/>
</kw>
<kw name="Close Browser" library="SeleniumLibrary">
<doc>Closes the current browser.</doc>
<status status="PASS" starttime="20210613 21:13:09.024" endtime="20210613 21:13:09.986"/>
</kw>
<status status="PASS" starttime="20210613 21:13:08.019" endtime="20210613 21:13:09.986"/>
</kw>
<status status="PASS" starttime="20210613 21:12:59.396" endtime="20210613 21:13:09.987"/>
</test>
<test id="s1-t2" name="TR1.5">
<kw name="Ejecutar juego">
<kw name="Open Browser" library="SeleniumLibrary">
<arg>${pagina}</arg>
<arg>${browser}</arg>
<arg>service_log_path=${{os.path.devnull}}</arg>
<doc>Opens a new browser instance to the optional ``url``.</doc>
<msg timestamp="20210613 21:13:09.991" level="INFO">Opening browser 'headlessfirefox' to base url 'http://localhost/Zhooter'.</msg>
<msg timestamp="20210613 21:13:09.991" level="INFO">Browser driver log file created to: C:\xampp\htdocs\Zhooter\test\nul</msg>
<status status="PASS" starttime="20210613 21:13:09.989" endtime="20210613 21:13:15.953"/>
</kw>
<kw name="Click Element" library="SeleniumLibrary">
<arg>class:button</arg>
<doc>Click the element identified by ``locator``.</doc>
<msg timestamp="20210613 21:13:15.954" level="INFO">Clicking element 'class:button'.</msg>
<status status="PASS" starttime="20210613 21:13:15.953" endtime="20210613 21:13:16.265"/>
</kw>
<kw name="Sleep" library="BuiltIn">
<arg>1s</arg>
<doc>Pauses the test executed for the given time.</doc>
<msg timestamp="20210613 21:13:17.271" level="INFO">Slept 1 second</msg>
<status status="PASS" starttime="20210613 21:13:16.265" endtime="20210613 21:13:17.271"/>
</kw>
<kw name="Execute Javascript" library="SeleniumLibrary">
<arg>document.getElementsByClassName('character')[0].click()</arg>
<doc>Executes the given JavaScript code with possible arguments.</doc>
<msg timestamp="20210613 21:13:17.273" level="INFO">Executing JavaScript:
document.getElementsByClassName('character')[0].click()
Without any arguments.</msg>
<status status="PASS" starttime="20210613 21:13:17.272" endtime="20210613 21:13:17.294"/>
</kw>
<kw name="Sleep" library="BuiltIn">
<arg>1s</arg>
<doc>Pauses the test executed for the given time.</doc>
<msg timestamp="20210613 21:13:18.303" level="INFO">Slept 1 second</msg>
<status status="PASS" starttime="20210613 21:13:17.294" endtime="20210613 21:13:18.303"/>
</kw>
<status status="PASS" starttime="20210613 21:13:09.988" endtime="20210613 21:13:18.303"/>
</kw>
<kw name="Frenar zombis">
<kw name="Execute Javascript" library="SeleniumLibrary">
<arg>clearInterval(interval_attack);</arg>
<doc>Executes the given JavaScript code with possible arguments.</doc>
<msg timestamp="20210613 21:13:18.305" level="INFO">Executing JavaScript:
clearInterval(interval_attack);
Without any arguments.</msg>
<status status="PASS" starttime="20210613 21:13:18.304" endtime="20210613 21:13:18.309"/>
</kw>
<status status="PASS" starttime="20210613 21:13:18.304" endtime="20210613 21:13:18.309"/>
</kw>
<kw name="Cambiar arma">
<kw name="Execute Javascript" library="SeleniumLibrary">
<var>${ammo0}</var>
<arg>return (character.weaponActual.getName());</arg>
<doc>Executes the given JavaScript code with possible arguments.</doc>
<msg timestamp="20210613 21:13:18.310" level="INFO">Executing JavaScript:
return (character.weaponActual.getName());
Without any arguments.</msg>
<msg timestamp="20210613 21:13:18.315" level="INFO">${ammo0} = ak-47</msg>
<status status="PASS" starttime="20210613 21:13:18.310" endtime="20210613 21:13:18.315"/>
</kw>
<kw name="Press Keys" library="SeleniumLibrary">
<arg>none</arg>
<arg>SPACE</arg>
<doc>Simulates the user pressing key(s) to an element or on the active browser.</doc>
<msg timestamp="20210613 21:13:18.316" level="INFO">Sending key(s) ('SPACE',) to page.</msg>
<msg timestamp="20210613 21:13:18.316" level="INFO">Pressing special key SPACE to browser.</msg>
<msg timestamp="20210613 21:13:18.316" level="INFO">Releasing special key SPACE.</msg>
<status status="PASS" starttime="20210613 21:13:18.315" endtime="20210613 21:13:18.338"/>
</kw>
<kw name="Execute Javascript" library="SeleniumLibrary">
<var>${ammo1}</var>
<arg>return (character.weaponActual.getName());</arg>
<doc>Executes the given JavaScript code with possible arguments.</doc>
<msg timestamp="20210613 21:13:18.339" level="INFO">Executing JavaScript:
return (character.weaponActual.getName());
Without any arguments.</msg>
<msg timestamp="20210613 21:13:18.344" level="INFO">${ammo1} = Pistol</msg>
<status status="PASS" starttime="20210613 21:13:18.338" endtime="20210613 21:13:18.344"/>
</kw>
<kw name="Should Not Be Equal" library="BuiltIn">
<arg>${ammo0}</arg>
<arg>${ammo1}</arg>
<doc>Fails if the given objects are equal.</doc>
<status status="PASS" starttime="20210613 21:13:18.345" endtime="20210613 21:13:18.345"/>
</kw>
<status status="PASS" starttime="20210613 21:13:18.309" endtime="20210613 21:13:18.346"/>
</kw>
<kw name="Cerrar navegador">
<kw name="Sleep" library="BuiltIn">
<arg>1s</arg>
<doc>Pauses the test executed for the given time.</doc>
<msg timestamp="20210613 21:13:19.360" level="INFO">Slept 1 second</msg>
<status status="PASS" starttime="20210613 21:13:18.347" endtime="20210613 21:13:19.360"/>
</kw>
<kw name="Close Browser" library="SeleniumLibrary">
<doc>Closes the current browser.</doc>
<status status="PASS" starttime="20210613 21:13:19.360" endtime="20210613 21:13:20.297"/>
</kw>
<status status="PASS" starttime="20210613 21:13:18.346" endtime="20210613 21:13:20.297"/>
</kw>
<status status="PASS" starttime="20210613 21:13:09.987" endtime="20210613 21:13:20.297"/>
</test>
<test id="s1-t3" name="TR1.6">
<kw name="Ejecutar juego">
<kw name="Open Browser" library="SeleniumLibrary">
<arg>${pagina}</arg>
<arg>${browser}</arg>
<arg>service_log_path=${{os.path.devnull}}</arg>
<doc>Opens a new browser instance to the optional ``url``.</doc>
<msg timestamp="20210613 21:13:20.302" level="INFO">Opening browser 'headlessfirefox' to base url 'http://localhost/Zhooter'.</msg>
<msg timestamp="20210613 21:13:20.302" level="INFO">Browser driver log file created to: C:\xampp\htdocs\Zhooter\test\nul</msg>
<status status="PASS" starttime="20210613 21:13:20.299" endtime="20210613 21:13:26.992"/>
</kw>
<kw name="Click Element" library="SeleniumLibrary">
<arg>class:button</arg>
<doc>Click the element identified by ``locator``.</doc>
<msg timestamp="20210613 21:13:26.993" level="INFO">Clicking element 'class:button'.</msg>
<status status="PASS" starttime="20210613 21:13:26.993" endtime="20210613 21:13:27.227"/>
</kw>
<kw name="Sleep" library="BuiltIn">
<arg>1s</arg>
<doc>Pauses the test executed for the given time.</doc>
<msg timestamp="20210613 21:13:28.231" level="INFO">Slept 1 second</msg>
<status status="PASS" starttime="20210613 21:13:27.227" endtime="20210613 21:13:28.231"/>
</kw>
<kw name="Execute Javascript" library="SeleniumLibrary">
<arg>document.getElementsByClassName('character')[0].click()</arg>
<doc>Executes the given JavaScript code with possible arguments.</doc>
<msg timestamp="20210613 21:13:28.233" level="INFO">Executing JavaScript:
document.getElementsByClassName('character')[0].click()
Without any arguments.</msg>
<status status="PASS" starttime="20210613 21:13:28.232" endtime="20210613 21:13:28.242"/>
</kw>
<kw name="Sleep" library="BuiltIn">
<arg>1s</arg>
<doc>Pauses the test executed for the given time.</doc>
<msg timestamp="20210613 21:13:29.245" level="INFO">Slept 1 second</msg>
<status status="PASS" starttime="20210613 21:13:28.242" endtime="20210613 21:13:29.245"/>
</kw>
<status status="PASS" starttime="20210613 21:13:20.299" endtime="20210613 21:13:29.246"/>
</kw>
<kw name="Pasar de nivel">
<kw name="Execute Javascript" library="SeleniumLibrary">
<arg>for (var i = enemys.length - 1; i &gt;= 0; i--) {enemys[i].setHealt(0);}</arg>
<doc>Executes the given JavaScript code with possible arguments.</doc>
<msg timestamp="20210613 21:13:29.247" level="INFO">Executing JavaScript:
for (var i = enemys.length - 1; i &gt;= 0; i--) {enemys[i].setHealt(0);}
Without any arguments.</msg>
<status status="PASS" starttime="20210613 21:13:29.246" endtime="20210613 21:13:29.253"/>
</kw>
<status status="PASS" starttime="20210613 21:13:29.246" endtime="20210613 21:13:29.253"/>
</kw>
<kw name="Usar tienda">
<kw name="Sleep" library="BuiltIn">
<arg>1s</arg>
<doc>Pauses the test executed for the given time.</doc>
<msg timestamp="20210613 21:13:30.266" level="INFO">Slept 1 second</msg>
<status status="PASS" starttime="20210613 21:13:29.254" endtime="20210613 21:13:30.266"/>
</kw>
<kw name="Click Element" library="SeleniumLibrary">
<arg>id:b3</arg>
<doc>Click the element identified by ``locator``.</doc>
<msg timestamp="20210613 21:13:30.267" level="INFO">Clicking element 'id:b3'.</msg>
<status status="PASS" starttime="20210613 21:13:30.267" endtime="20210613 21:13:30.373"/>
</kw>
<kw name="Title Should Be" library="SeleniumLibrary">
<arg>Zhooter</arg>
<doc>Verifies that the current page title equals ``title``.</doc>
<msg timestamp="20210613 21:13:30.377" level="INFO">Page title is 'Zhooter'.</msg>
<status status="PASS" starttime="20210613 21:13:30.373" endtime="20210613 21:13:30.377"/>
</kw>
<kw name="Pasar de nivel">
<kw name="Execute Javascript" library="SeleniumLibrary">
<arg>for (var i = enemys.length - 1; i &gt;= 0; i--) {enemys[i].setHealt(0);}</arg>
<doc>Executes the given JavaScript code with possible arguments.</doc>
<msg timestamp="20210613 21:13:30.379" level="INFO">Executing JavaScript:
for (var i = enemys.length - 1; i &gt;= 0; i--) {enemys[i].setHealt(0);}
Without any arguments.</msg>
<status status="PASS" starttime="20210613 21:13:30.378" endtime="20210613 21:13:30.402"/>
</kw>
<status status="PASS" starttime="20210613 21:13:30.377" endtime="20210613 21:13:30.402"/>
</kw>
<kw name="Sleep" library="BuiltIn">
<arg>1s</arg>
<doc>Pauses the test executed for the given time.</doc>
<msg timestamp="20210613 21:13:31.415" level="INFO">Slept 1 second</msg>
<status status="PASS" starttime="20210613 21:13:30.402" endtime="20210613 21:13:31.415"/>
</kw>
<kw name="Click Element" library="SeleniumLibrary">
<arg>id:b2</arg>
<doc>Click the element identified by ``locator``.</doc>
<msg timestamp="20210613 21:13:31.415" level="INFO">Clicking element 'id:b2'.</msg>
<status status="PASS" starttime="20210613 21:13:31.415" endtime="20210613 21:13:31.509"/>
</kw>
<kw name="Title Should Be" library="SeleniumLibrary">
<arg>Zhooter</arg>
<doc>Verifies that the current page title equals ``title``.</doc>
<msg timestamp="20210613 21:13:31.512" level="INFO">Page title is 'Zhooter'.</msg>
<status status="PASS" starttime="20210613 21:13:31.509" endtime="20210613 21:13:31.512"/>
</kw>
<kw name="Pasar de nivel">
<kw name="Execute Javascript" library="SeleniumLibrary">
<arg>for (var i = enemys.length - 1; i &gt;= 0; i--) {enemys[i].setHealt(0);}</arg>
<doc>Executes the given JavaScript code with possible arguments.</doc>
<msg timestamp="20210613 21:13:31.514" level="INFO">Executing JavaScript:
for (var i = enemys.length - 1; i &gt;= 0; i--) {enemys[i].setHealt(0);}
Without any arguments.</msg>
<status status="PASS" starttime="20210613 21:13:31.513" endtime="20210613 21:13:31.526"/>
</kw>
<status status="PASS" starttime="20210613 21:13:31.513" endtime="20210613 21:13:31.526"/>
</kw>
<kw name="Sleep" library="BuiltIn">
<arg>1s</arg>
<doc>Pauses the test executed for the given time.</doc>
<msg timestamp="20210613 21:13:32.540" level="INFO">Slept 1 second</msg>
<status status="PASS" starttime="20210613 21:13:31.526" endtime="20210613 21:13:32.541"/>
</kw>
<kw name="Click Element" library="SeleniumLibrary">
<arg>id:b1</arg>
<doc>Click the element identified by ``locator``.</doc>
<msg timestamp="20210613 21:13:32.542" level="INFO">Clicking element 'id:b1'.</msg>
<status status="PASS" starttime="20210613 21:13:32.541" endtime="20210613 21:13:32.651"/>
</kw>
<kw name="Title Should Be" library="SeleniumLibrary">
<arg>Zhooter</arg>
<doc>Verifies that the current page title equals ``title``.</doc>
<msg timestamp="20210613 21:13:32.658" level="INFO">Page title is 'Zhooter'.</msg>
<status status="PASS" starttime="20210613 21:13:32.651" endtime="20210613 21:13:32.658"/>
</kw>
<kw name="Pasar de nivel">
<kw name="Execute Javascript" library="SeleniumLibrary">
<arg>for (var i = enemys.length - 1; i &gt;= 0; i--) {enemys[i].setHealt(0);}</arg>
<doc>Executes the given JavaScript code with possible arguments.</doc>
<msg timestamp="20210613 21:13:32.660" level="INFO">Executing JavaScript:
for (var i = enemys.length - 1; i &gt;= 0; i--) {enemys[i].setHealt(0);}
Without any arguments.</msg>
<status status="PASS" starttime="20210613 21:13:32.659" endtime="20210613 21:13:32.669"/>
</kw>
<status status="PASS" starttime="20210613 21:13:32.658" endtime="20210613 21:13:32.670"/>
</kw>
<status status="PASS" starttime="20210613 21:13:29.254" endtime="20210613 21:13:32.670"/>
</kw>
<kw name="Cerrar navegador">
<kw name="Sleep" library="BuiltIn">
<arg>1s</arg>
<doc>Pauses the test executed for the given time.</doc>
<msg timestamp="20210613 21:13:33.674" level="INFO">Slept 1 second</msg>
<status status="PASS" starttime="20210613 21:13:32.671" endtime="20210613 21:13:33.674"/>
</kw>
<kw name="Close Browser" library="SeleniumLibrary">
<doc>Closes the current browser.</doc>
<status status="PASS" starttime="20210613 21:13:33.674" endtime="20210613 21:13:34.444"/>
</kw>
<status status="PASS" starttime="20210613 21:13:32.670" endtime="20210613 21:13:34.444"/>
</kw>
<status status="PASS" starttime="20210613 21:13:20.298" endtime="20210613 21:13:34.444"/>
</test>
<test id="s1-t4" name="TR2.1">
<kw name="Ejecutar juego">
<kw name="Open Browser" library="SeleniumLibrary">
<arg>${pagina}</arg>
<arg>${browser}</arg>
<arg>service_log_path=${{os.path.devnull}}</arg>
<doc>Opens a new browser instance to the optional ``url``.</doc>
<msg timestamp="20210613 21:13:34.448" level="INFO">Opening browser 'headlessfirefox' to base url 'http://localhost/Zhooter'.</msg>
<msg timestamp="20210613 21:13:34.448" level="INFO">Browser driver log file created to: C:\xampp\htdocs\Zhooter\test\nul</msg>
<status status="PASS" starttime="20210613 21:13:34.446" endtime="20210613 21:13:41.165"/>
</kw>
<kw name="Click Element" library="SeleniumLibrary">
<arg>class:button</arg>
<doc>Click the element identified by ``locator``.</doc>
<msg timestamp="20210613 21:13:41.166" level="INFO">Clicking element 'class:button'.</msg>
<status status="PASS" starttime="20210613 21:13:41.165" endtime="20210613 21:13:41.386"/>
</kw>
<kw name="Sleep" library="BuiltIn">
<arg>1s</arg>
<doc>Pauses the test executed for the given time.</doc>
<msg timestamp="20210613 21:13:42.394" level="INFO">Slept 1 second</msg>
<status status="PASS" starttime="20210613 21:13:41.386" endtime="20210613 21:13:42.394"/>
</kw>
<kw name="Execute Javascript" library="SeleniumLibrary">
<arg>document.getElementsByClassName('character')[0].click()</arg>
<doc>Executes the given JavaScript code with possible arguments.</doc>
<msg timestamp="20210613 21:13:42.396" level="INFO">Executing JavaScript:
document.getElementsByClassName('character')[0].click()
Without any arguments.</msg>
<status status="PASS" starttime="20210613 21:13:42.395" endtime="20210613 21:13:42.409"/>
</kw>
<kw name="Sleep" library="BuiltIn">
<arg>1s</arg>
<doc>Pauses the test executed for the given time.</doc>
<msg timestamp="20210613 21:13:43.411" level="INFO">Slept 1 second</msg>
<status status="PASS" starttime="20210613 21:13:42.410" endtime="20210613 21:13:43.411"/>
</kw>
<status status="PASS" starttime="20210613 21:13:34.445" endtime="20210613 21:13:43.412"/>
</kw>
<kw name="Recorrer vistas">
<kw name="Press Keys" library="SeleniumLibrary">
<arg>none</arg>
<arg>P</arg>
<doc>Simulates the user pressing key(s) to an element or on the active browser.</doc>
<msg timestamp="20210613 21:13:43.413" level="INFO">Sending key(s) ('P',) to page.</msg>
<msg timestamp="20210613 21:13:43.413" level="INFO">Sending key P</msg>
<status status="PASS" starttime="20210613 21:13:43.412" endtime="20210613 21:13:43.430"/>
</kw>
<kw name="Sleep" library="BuiltIn">
<arg>1s</arg>
<doc>Pauses the test executed for the given time.</doc>
<msg timestamp="20210613 21:13:44.440" level="INFO">Slept 1 second</msg>
<status status="PASS" starttime="20210613 21:13:43.430" endtime="20210613 21:13:44.440"/>
</kw>
<kw name="Execute Javascript" library="SeleniumLibrary">
<arg>document.getElementsByClassName('button')[1].click()</arg>
<doc>Executes the given JavaScript code with possible arguments.</doc>
<msg timestamp="20210613 21:13:44.440" level="INFO">Executing JavaScript:
document.getElementsByClassName('button')[1].click()
Without any arguments.</msg>
<status status="PASS" starttime="20210613 21:13:44.440" endtime="20210613 21:13:44.449"/>
</kw>
<kw name="Sleep" library="BuiltIn">
<arg>1s</arg>
<doc>Pauses the test executed for the given time.</doc>
<msg timestamp="20210613 21:13:45.456" level="INFO">Slept 1 second</msg>
<status status="PASS" starttime="20210613 21:13:44.449" endtime="20210613 21:13:45.456"/>
</kw>
<kw name="Click Element" library="SeleniumLibrary">
<arg>id:bVolver</arg>
<doc>Click the element identified by ``locator``.</doc>
<msg timestamp="20210613 21:13:45.457" level="INFO">Clicking element 'id:bVolver'.</msg>
<status status="PASS" starttime="20210613 21:13:45.456" endtime="20210613 21:13:45.497"/>
</kw>
<kw name="Sleep" library="BuiltIn">
<arg>1s</arg>
<doc>Pauses the test executed for the given time.</doc>
<msg timestamp="20210613 21:13:46.498" level="INFO">Slept 1 second</msg>
<status status="PASS" starttime="20210613 21:13:45.497" endtime="20210613 21:13:46.498"/>
</kw>
<kw name="Execute Javascript" library="SeleniumLibrary">
<arg>document.getElementsByClassName('button')[0].click()</arg>
<doc>Executes the given JavaScript code with possible arguments.</doc>
<msg timestamp="20210613 21:13:46.499" level="INFO">Executing JavaScript:
document.getElementsByClassName('button')[0].click()
Without any arguments.</msg>
<status status="PASS" starttime="20210613 21:13:46.498" endtime="20210613 21:13:46.507"/>
</kw>
<kw name="Sleep" library="BuiltIn">
<arg>1s</arg>
<doc>Pauses the test executed for the given time.</doc>
<msg timestamp="20210613 21:13:47.509" level="INFO">Slept 1 second</msg>
<status status="PASS" starttime="20210613 21:13:46.507" endtime="20210613 21:13:47.510"/>
</kw>
<kw name="Execute Javascript" library="SeleniumLibrary">
<arg>character.setHealt(0)</arg>
<doc>Executes the given JavaScript code with possible arguments.</doc>
<msg timestamp="20210613 21:13:47.511" level="INFO">Executing JavaScript:
character.setHealt(0)
Without any arguments.</msg>
<status status="PASS" starttime="20210613 21:13:47.510" endtime="20210613 21:13:47.517"/>
</kw>
<kw name="Sleep" library="BuiltIn">
<arg>1s</arg>
<doc>Pauses the test executed for the given time.</doc>
<msg timestamp="20210613 21:13:48.531" level="INFO">Slept 1 second</msg>
<status status="PASS" starttime="20210613 21:13:47.517" endtime="20210613 21:13:48.531"/>
</kw>
<kw name="Click Element" library="SeleniumLibrary">
<arg>id:reinicio</arg>
<doc>Click the element identified by ``locator``.</doc>
<msg timestamp="20210613 21:13:48.531" level="INFO">Clicking element 'id:reinicio'.</msg>
<status status="PASS" starttime="20210613 21:13:48.531" endtime="20210613 21:13:48.575"/>
</kw>
<kw name="Sleep" library="BuiltIn">
<arg>1s</arg>
<doc>Pauses the test executed for the given time.</doc>
<msg timestamp="20210613 21:13:49.577" level="INFO">Slept 1 second</msg>
<status status="PASS" starttime="20210613 21:13:48.575" endtime="20210613 21:13:49.577"/>
</kw>
<kw name="Title Should Be" library="SeleniumLibrary">
<arg>Menu</arg>
<doc>Verifies that the current page title equals ``title``.</doc>
<msg timestamp="20210613 21:13:49.580" level="INFO">Page title is 'Menu'.</msg>
<status status="PASS" starttime="20210613 21:13:49.577" endtime="20210613 21:13:49.580"/>
</kw>
<status status="PASS" starttime="20210613 21:13:43.412" endtime="20210613 21:13:49.580"/>
</kw>
<kw name="Cerrar navegador">
<kw name="Sleep" library="BuiltIn">
<arg>1s</arg>
<doc>Pauses the test executed for the given time.</doc>
<msg timestamp="20210613 21:13:50.590" level="INFO">Slept 1 second</msg>
<status status="PASS" starttime="20210613 21:13:49.581" endtime="20210613 21:13:50.591"/>
</kw>
<kw name="Close Browser" library="SeleniumLibrary">
<doc>Closes the current browser.</doc>
<status status="PASS" starttime="20210613 21:13:50.591" endtime="20210613 21:13:51.377"/>
</kw>
<status status="PASS" starttime="20210613 21:13:49.580" endtime="20210613 21:13:51.377"/>
</kw>
<status status="PASS" starttime="20210613 21:13:34.445" endtime="20210613 21:13:51.377"/>
</test>
<test id="s1-t5" name="TR2.5">
<kw name="Ejecutar juego">
<kw name="Open Browser" library="SeleniumLibrary">
<arg>${pagina}</arg>
<arg>${browser}</arg>
<arg>service_log_path=${{os.path.devnull}}</arg>
<doc>Opens a new browser instance to the optional ``url``.</doc>
<msg timestamp="20210613 21:13:51.381" level="INFO">Opening browser 'headlessfirefox' to base url 'http://localhost/Zhooter'.</msg>
<msg timestamp="20210613 21:13:51.381" level="INFO">Browser driver log file created to: C:\xampp\htdocs\Zhooter\test\nul</msg>
<status status="PASS" starttime="20210613 21:13:51.379" endtime="20210613 21:13:57.678"/>
</kw>
<kw name="Click Element" library="SeleniumLibrary">
<arg>class:button</arg>
<doc>Click the element identified by ``locator``.</doc>
<msg timestamp="20210613 21:13:57.678" level="INFO">Clicking element 'class:button'.</msg>
<status status="PASS" starttime="20210613 21:13:57.678" endtime="20210613 21:13:57.897"/>
</kw>
<kw name="Sleep" library="BuiltIn">
<arg>1s</arg>
<doc>Pauses the test executed for the given time.</doc>
<msg timestamp="20210613 21:13:58.912" level="INFO">Slept 1 second</msg>
<status status="PASS" starttime="20210613 21:13:57.897" endtime="20210613 21:13:58.912"/>
</kw>
<kw name="Execute Javascript" library="SeleniumLibrary">
<arg>document.getElementsByClassName('character')[0].click()</arg>
<doc>Executes the given JavaScript code with possible arguments.</doc>
<msg timestamp="20210613 21:13:58.913" level="INFO">Executing JavaScript:
document.getElementsByClassName('character')[0].click()
Without any arguments.</msg>
<status status="PASS" starttime="20210613 21:13:58.913" endtime="20210613 21:13:58.922"/>
</kw>
<kw name="Sleep" library="BuiltIn">
<arg>1s</arg>
<doc>Pauses the test executed for the given time.</doc>
<msg timestamp="20210613 21:13:59.937" level="INFO">Slept 1 second</msg>
<status status="PASS" starttime="20210613 21:13:58.922" endtime="20210613 21:13:59.937"/>
</kw>
<status status="PASS" starttime="20210613 21:13:51.379" endtime="20210613 21:13:59.938"/>
</kw>
<kw name="Pasar de nivel">
<kw name="Execute Javascript" library="SeleniumLibrary">
<arg>for (var i = enemys.length - 1; i &gt;= 0; i--) {enemys[i].setHealt(0);}</arg>
<doc>Executes the given JavaScript code with possible arguments.</doc>
<msg timestamp="20210613 21:13:59.940" level="INFO">Executing JavaScript:
for (var i = enemys.length - 1; i &gt;= 0; i--) {enemys[i].setHealt(0);}
Without any arguments.</msg>
<status status="PASS" starttime="20210613 21:13:59.938" endtime="20210613 21:13:59.947"/>
</kw>
<status status="PASS" starttime="20210613 21:13:59.938" endtime="20210613 21:13:59.947"/>
</kw>
<kw name="Comprar mejoras">
<kw name="Sleep" library="BuiltIn">
<arg>1s</arg>
<doc>Pauses the test executed for the given time.</doc>
<msg timestamp="20210613 21:14:00.954" level="INFO">Slept 1 second</msg>
<status status="PASS" starttime="20210613 21:13:59.948" endtime="20210613 21:14:00.954"/>
</kw>
<kw name="Click Element" library="SeleniumLibrary">
<arg>id:b3</arg>
<doc>Click the element identified by ``locator``.</doc>
<msg timestamp="20210613 21:14:00.954" level="INFO">Clicking element 'id:b3'.</msg>
<status status="PASS" starttime="20210613 21:14:00.954" endtime="20210613 21:14:01.040"/>
</kw>
<kw name="Title Should Be" library="SeleniumLibrary">
<arg>Zhooter</arg>
<doc>Verifies that the current page title equals ``title``.</doc>
<msg timestamp="20210613 21:14:01.059" level="INFO">Page title is 'Zhooter'.</msg>
<status status="PASS" starttime="20210613 21:14:01.041" endtime="20210613 21:14:01.059"/>
</kw>
<kw name="Execute Javascript" library="SeleniumLibrary">
<var>${weakness}</var>
<arg>return (window.sessionStorage.getItem('Weakness'));</arg>
<doc>Executes the given JavaScript code with possible arguments.</doc>
<msg timestamp="20210613 21:14:01.060" level="INFO">Executing JavaScript:
return (window.sessionStorage.getItem('Weakness'));
Without any arguments.</msg>
<msg timestamp="20210613 21:14:01.064" level="INFO">${weakness} = 2</msg>
<status status="PASS" starttime="20210613 21:14:01.059" endtime="20210613 21:14:01.064"/>
</kw>
<kw name="Should Not Be Equal" library="BuiltIn">
<arg>${weakness}</arg>
<arg>0</arg>
<doc>Fails if the given objects are equal.</doc>
<status status="PASS" starttime="20210613 21:14:01.064" endtime="20210613 21:14:01.065"/>
</kw>
<kw name="Pasar de nivel">
<kw name="Execute Javascript" library="SeleniumLibrary">
<arg>for (var i = enemys.length - 1; i &gt;= 0; i--) {enemys[i].setHealt(0);}</arg>
<doc>Executes the given JavaScript code with possible arguments.</doc>
<msg timestamp="20210613 21:14:01.065" level="INFO">Executing JavaScript:
for (var i = enemys.length - 1; i &gt;= 0; i--) {enemys[i].setHealt(0);}
Without any arguments.</msg>
<status status="PASS" starttime="20210613 21:14:01.065" endtime="20210613 21:14:01.071"/>
</kw>
<status status="PASS" starttime="20210613 21:14:01.065" endtime="20210613 21:14:01.071"/>
</kw>
<kw name="Sleep" library="BuiltIn">
<arg>1s</arg>
<doc>Pauses the test executed for the given time.</doc>
<msg timestamp="20210613 21:14:02.075" level="INFO">Slept 1 second</msg>
<status status="PASS" starttime="20210613 21:14:01.072" endtime="20210613 21:14:02.075"/>
</kw>
<kw name="Click Element" library="SeleniumLibrary">
<arg>id:b2</arg>
<doc>Click the element identified by ``locator``.</doc>
<msg timestamp="20210613 21:14:02.076" level="INFO">Clicking element 'id:b2'.</msg>
<status status="PASS" starttime="20210613 21:14:02.075" endtime="20210613 21:14:02.166"/>
</kw>
<kw name="Title Should Be" library="SeleniumLibrary">
<arg>Zhooter</arg>
<doc>Verifies that the current page title equals ``title``.</doc>
<msg timestamp="20210613 21:14:02.169" level="INFO">Page title is 'Zhooter'.</msg>
<status status="PASS" starttime="20210613 21:14:02.166" endtime="20210613 21:14:02.169"/>
</kw>
<kw name="Execute Javascript" library="SeleniumLibrary">
<var>${premiumGun}</var>
<arg>return (window.sessionStorage.getItem('premiumGun'));</arg>
<doc>Executes the given JavaScript code with possible arguments.</doc>
<msg timestamp="20210613 21:14:02.170" level="INFO">Executing JavaScript:
return (window.sessionStorage.getItem('premiumGun'));
Without any arguments.</msg>
<msg timestamp="20210613 21:14:02.192" level="INFO">${premiumGun} = 1</msg>
<status status="PASS" starttime="20210613 21:14:02.169" endtime="20210613 21:14:02.192"/>
</kw>
<kw name="Should Not Be Equal" library="BuiltIn">
<arg>${premiumGun}</arg>
<arg>0</arg>
<doc>Fails if the given objects are equal.</doc>
<status status="PASS" starttime="20210613 21:14:02.192" endtime="20210613 21:14:02.192"/>
</kw>
<kw name="Pasar de nivel">
<kw name="Execute Javascript" library="SeleniumLibrary">
<arg>for (var i = enemys.length - 1; i &gt;= 0; i--) {enemys[i].setHealt(0);}</arg>
<doc>Executes the given JavaScript code with possible arguments.</doc>
<msg timestamp="20210613 21:14:02.194" level="INFO">Executing JavaScript:
for (var i = enemys.length - 1; i &gt;= 0; i--) {enemys[i].setHealt(0);}
Without any arguments.</msg>
<status status="PASS" starttime="20210613 21:14:02.193" endtime="20210613 21:14:02.200"/>
</kw>
<status status="PASS" starttime="20210613 21:14:02.193" endtime="20210613 21:14:02.200"/>
</kw>
<kw name="Sleep" library="BuiltIn">
<arg>1s</arg>
<doc>Pauses the test executed for the given time.</doc>
<msg timestamp="20210613 21:14:03.215" level="INFO">Slept 1 second</msg>
<status status="PASS" starttime="20210613 21:14:02.200" endtime="20210613 21:14:03.216"/>
</kw>
<kw name="Click Element" library="SeleniumLibrary">
<arg>id:b1</arg>
<doc>Click the element identified by ``locator``.</doc>
<msg timestamp="20210613 21:14:03.216" level="INFO">Clicking element 'id:b1'.</msg>
<status status="PASS" starttime="20210613 21:14:03.216" endtime="20210613 21:14:03.323"/>
</kw>
<kw name="Title Should Be" library="SeleniumLibrary">
<arg>Zhooter</arg>
<doc>Verifies that the current page title equals ``title``.</doc>
<msg timestamp="20210613 21:14:03.339" level="INFO">Page title is 'Zhooter'.</msg>
<status status="PASS" starttime="20210613 21:14:03.323" endtime="20210613 21:14:03.339"/>
</kw>
<kw name="Execute Javascript" library="SeleniumLibrary">
<var>${extraHealth}</var>
<arg>return (window.sessionStorage.getItem('extraHealth'));</arg>
<doc>Executes the given JavaScript code with possible arguments.</doc>
<msg timestamp="20210613 21:14:03.340" level="INFO">Executing JavaScript:
return (window.sessionStorage.getItem('extraHealth'));
Without any arguments.</msg>
<msg timestamp="20210613 21:14:03.344" level="INFO">${extraHealth} = 10</msg>
<status status="PASS" starttime="20210613 21:14:03.339" endtime="20210613 21:14:03.344"/>
</kw>
<kw name="Should Not Be Equal" library="BuiltIn">
<arg>${extraHealth}</arg>
<arg>0</arg>
<doc>Fails if the given objects are equal.</doc>
<status status="PASS" starttime="20210613 21:14:03.344" endtime="20210613 21:14:03.345"/>
</kw>
<kw name="Pasar de nivel">
<kw name="Execute Javascript" library="SeleniumLibrary">
<arg>for (var i = enemys.length - 1; i &gt;= 0; i--) {enemys[i].setHealt(0);}</arg>
<doc>Executes the given JavaScript code with possible arguments.</doc>
<msg timestamp="20210613 21:14:03.345" level="INFO">Executing JavaScript:
for (var i = enemys.length - 1; i &gt;= 0; i--) {enemys[i].setHealt(0);}
Without any arguments.</msg>
<status status="PASS" starttime="20210613 21:14:03.345" endtime="20210613 21:14:03.353"/>
</kw>
<status status="PASS" starttime="20210613 21:14:03.345" endtime="20210613 21:14:03.353"/>
</kw>
<status status="PASS" starttime="20210613 21:13:59.947" endtime="20210613 21:14:03.353"/>
</kw>
<kw name="Cerrar navegador">
<kw name="Sleep" library="BuiltIn">
<arg>1s</arg>
<doc>Pauses the test executed for the given time.</doc>
<msg timestamp="20210613 21:14:04.362" level="INFO">Slept 1 second</msg>
<status status="PASS" starttime="20210613 21:14:03.354" endtime="20210613 21:14:04.362"/>
</kw>
<kw name="Close Browser" library="SeleniumLibrary">
<doc>Closes the current browser.</doc>
<status status="PASS" starttime="20210613 21:14:04.362" endtime="20210613 21:14:05.238"/>
</kw>
<status status="PASS" starttime="20210613 21:14:03.353" endtime="20210613 21:14:05.238"/>
</kw>
<status status="PASS" starttime="20210613 21:13:51.378" endtime="20210613 21:14:05.238"/>
</test>
<test id="s1-t6" name="TR2.7">
<kw name="Ejecutar juego">
<kw name="Open Browser" library="SeleniumLibrary">
<arg>${pagina}</arg>
<arg>${browser}</arg>
<arg>service_log_path=${{os.path.devnull}}</arg>
<doc>Opens a new browser instance to the optional ``url``.</doc>
<msg timestamp="20210613 21:14:05.242" level="INFO">Opening browser 'headlessfirefox' to base url 'http://localhost/Zhooter'.</msg>
<msg timestamp="20210613 21:14:05.242" level="INFO">Browser driver log file created to: C:\xampp\htdocs\Zhooter\test\nul</msg>
<status status="PASS" starttime="20210613 21:14:05.240" endtime="20210613 21:14:11.297"/>
</kw>
<kw name="Click Element" library="SeleniumLibrary">
<arg>class:button</arg>
<doc>Click the element identified by ``locator``.</doc>
<msg timestamp="20210613 21:14:11.298" level="INFO">Clicking element 'class:button'.</msg>
<status status="PASS" starttime="20210613 21:14:11.297" endtime="20210613 21:14:11.540"/>
</kw>
<kw name="Sleep" library="BuiltIn">
<arg>1s</arg>
<doc>Pauses the test executed for the given time.</doc>
<msg timestamp="20210613 21:14:12.552" level="INFO">Slept 1 second</msg>
<status status="PASS" starttime="20210613 21:14:11.540" endtime="20210613 21:14:12.552"/>
</kw>
<kw name="Execute Javascript" library="SeleniumLibrary">
<arg>document.getElementsByClassName('character')[0].click()</arg>
<doc>Executes the given JavaScript code with possible arguments.</doc>
<msg timestamp="20210613 21:14:12.553" level="INFO">Executing JavaScript:
document.getElementsByClassName('character')[0].click()
Without any arguments.</msg>
<status status="PASS" starttime="20210613 21:14:12.552" endtime="20210613 21:14:12.561"/>
</kw>
<kw name="Sleep" library="BuiltIn">
<arg>1s</arg>
<doc>Pauses the test executed for the given time.</doc>
<msg timestamp="20210613 21:14:13.563" level="INFO">Slept 1 second</msg>
<status status="PASS" starttime="20210613 21:14:12.562" endtime="20210613 21:14:13.563"/>
</kw>
<status status="PASS" starttime="20210613 21:14:05.239" endtime="20210613 21:14:13.564"/>
</kw>
<kw name="Estadisticas">
<kw name="Press Keys" library="SeleniumLibrary">
<arg>none</arg>
<arg>P</arg>
<doc>Simulates the user pressing key(s) to an element or on the active browser.</doc>
<msg timestamp="20210613 21:14:13.565" level="INFO">Sending key(s) ('P',) to page.</msg>
<msg timestamp="20210613 21:14:13.565" level="INFO">Sending key P</msg>
<status status="PASS" starttime="20210613 21:14:13.564" endtime="20210613 21:14:13.583"/>
</kw>
<kw name="Sleep" library="BuiltIn">
<arg>1s</arg>
<doc>Pauses the test executed for the given time.</doc>
<msg timestamp="20210613 21:14:14.593" level="INFO">Slept 1 second</msg>
<status status="PASS" starttime="20210613 21:14:13.583" endtime="20210613 21:14:14.593"/>
</kw>
<kw name="Execute Javascript" library="SeleniumLibrary">
<arg>window.sessionStorage.setItem("level", 5);</arg>
<doc>Executes the given JavaScript code with possible arguments.</doc>
<msg timestamp="20210613 21:14:14.594" level="INFO">Executing JavaScript:
window.sessionStorage.setItem("level", 5);
Without any arguments.</msg>
<status status="PASS" starttime="20210613 21:14:14.593" endtime="20210613 21:14:14.613"/>
</kw>
<kw name="Execute Javascript" library="SeleniumLibrary">
<arg>window.sessionStorage.setItem("health", 5);</arg>
<doc>Executes the given JavaScript code with possible arguments.</doc>
<msg timestamp="20210613 21:14:14.613" level="INFO">Executing JavaScript:
window.sessionStorage.setItem("health", 5);
Without any arguments.</msg>
<status status="PASS" starttime="20210613 21:14:14.613" endtime="20210613 21:14:14.624"/>
</kw>
<kw name="Execute Javascript" library="SeleniumLibrary">
<arg>window.sessionStorage.setItem("killedEnemies", 5);</arg>
<doc>Executes the given JavaScript code with possible arguments.</doc>
<msg timestamp="20210613 21:14:14.625" level="INFO">Executing JavaScript:
window.sessionStorage.setItem("killedEnemies", 5);
Without any arguments.</msg>
<status status="PASS" starttime="20210613 21:14:14.624" endtime="20210613 21:14:14.631"/>
</kw>
<kw name="Execute Javascript" library="SeleniumLibrary">
<arg>window.sessionStorage.setItem("gun", 'ak');</arg>
<doc>Executes the given JavaScript code with possible arguments.</doc>
<msg timestamp="20210613 21:14:14.631" level="INFO">Executing JavaScript:
window.sessionStorage.setItem("gun", 'ak');
Without any arguments.</msg>
<status status="PASS" starttime="20210613 21:14:14.631" endtime="20210613 21:14:14.635"/>
</kw>
<kw name="Execute Javascript" library="SeleniumLibrary">
<arg>document.getElementsByClassName('button')[1].click()</arg>
<doc>Executes the given JavaScript code with possible arguments.</doc>
<msg timestamp="20210613 21:14:14.636" level="INFO">Executing JavaScript:
document.getElementsByClassName('button')[1].click()
Without any arguments.</msg>
<status status="PASS" starttime="20210613 21:14:14.635" endtime="20210613 21:14:14.644"/>
</kw>
<kw name="Sleep" library="BuiltIn">
<arg>1s</arg>
<doc>Pauses the test executed for the given time.</doc>
<msg timestamp="20210613 21:14:15.654" level="INFO">Slept 1 second</msg>
<status status="PASS" starttime="20210613 21:14:14.644" endtime="20210613 21:14:15.654"/>
</kw>
<kw name="Execute Javascript" library="SeleniumLibrary">
<var>${level}</var>
<arg>return (window.sessionStorage.getItem('level'));</arg>
<doc>Executes the given JavaScript code with possible arguments.</doc>
<msg timestamp="20210613 21:14:15.656" level="INFO">Executing JavaScript:
return (window.sessionStorage.getItem('level'));
Without any arguments.</msg>
<msg timestamp="20210613 21:14:15.661" level="INFO">${level} = 5</msg>
<status status="PASS" starttime="20210613 21:14:15.655" endtime="20210613 21:14:15.661"/>
</kw>
<kw name="Execute Javascript" library="SeleniumLibrary">
<var>${health}</var>
<arg>return (window.sessionStorage.getItem('health'));</arg>
<doc>Executes the given JavaScript code with possible arguments.</doc>
<msg timestamp="20210613 21:14:15.662" level="INFO">Executing JavaScript:
return (window.sessionStorage.getItem('health'));
Without any arguments.</msg>
<msg timestamp="20210613 21:14:15.667" level="INFO">${health} = 5</msg>
<status status="PASS" starttime="20210613 21:14:15.661" endtime="20210613 21:14:15.667"/>
</kw>
<kw name="Execute Javascript" library="SeleniumLibrary">
<var>${killedEnemies}</var>
<arg>return (window.sessionStorage.getItem('killedEnemies'));</arg>
<doc>Executes the given JavaScript code with possible arguments.</doc>
<msg timestamp="20210613 21:14:15.668" level="INFO">Executing JavaScript:
return (window.sessionStorage.getItem('killedEnemies'));
Without any arguments.</msg>
<msg timestamp="20210613 21:14:15.672" level="INFO">${killedEnemies} = 5</msg>
<status status="PASS" starttime="20210613 21:14:15.667" endtime="20210613 21:14:15.672"/>
</kw>
<kw name="Execute Javascript" library="SeleniumLibrary">
<var>${gun}</var>
<arg>return (window.sessionStorage.getItem('gun'));</arg>
<doc>Executes the given JavaScript code with possible arguments.</doc>
<msg timestamp="20210613 21:14:15.673" level="INFO">Executing JavaScript:
return (window.sessionStorage.getItem('gun'));
Without any arguments.</msg>
<msg timestamp="20210613 21:14:15.677" level="INFO">${gun} = ak</msg>
<status status="PASS" starttime="20210613 21:14:15.672" endtime="20210613 21:14:15.677"/>
</kw>
<kw name="Should Be Equal" library="BuiltIn">
<arg>${level}</arg>
<arg>5</arg>
<doc>Fails if the given objects are unequal.</doc>
<status status="PASS" starttime="20210613 21:14:15.677" endtime="20210613 21:14:15.677"/>
</kw>
<kw name="Should Be Equal" library="BuiltIn">
<arg>${health}</arg>
<arg>5</arg>
<doc>Fails if the given objects are unequal.</doc>
<status status="PASS" starttime="20210613 21:14:15.677" endtime="20210613 21:14:15.677"/>
</kw>
<kw name="Should Be Equal" library="BuiltIn">
<arg>${killedEnemies}</arg>
<arg>5</arg>
<doc>Fails if the given objects are unequal.</doc>
<status status="PASS" starttime="20210613 21:14:15.678" endtime="20210613 21:14:15.678"/>
</kw>
<kw name="Should Be Equal" library="BuiltIn">
<arg>${gun}</arg>
<arg>ak</arg>
<doc>Fails if the given objects are unequal.</doc>
<status status="PASS" starttime="20210613 21:14:15.678" endtime="20210613 21:14:15.678"/>
</kw>
<status status="PASS" starttime="20210613 21:14:13.564" endtime="20210613 21:14:15.678"/>
</kw>
<kw name="Cerrar navegador">
<kw name="Sleep" library="BuiltIn">
<arg>1s</arg>
<doc>Pauses the test executed for the given time.</doc>
<msg timestamp="20210613 21:14:16.689" level="INFO">Slept 1 second</msg>
<status status="PASS" starttime="20210613 21:14:15.679" endtime="20210613 21:14:16.689"/>
</kw>
<kw name="Close Browser" library="SeleniumLibrary">
<doc>Closes the current browser.</doc>
<status status="PASS" starttime="20210613 21:14:16.689" endtime="20210613 21:14:17.350"/>
</kw>
<status status="PASS" starttime="20210613 21:14:15.678" endtime="20210613 21:14:17.350"/>
</kw>
<status status="PASS" starttime="20210613 21:14:05.239" endtime="20210613 21:14:17.350"/>
</test>
<test id="s1-t7" name="TR2.8">
<kw name="Ejecutar juego">
<kw name="Open Browser" library="SeleniumLibrary">
<arg>${pagina}</arg>
<arg>${browser}</arg>
<arg>service_log_path=${{os.path.devnull}}</arg>
<doc>Opens a new browser instance to the optional ``url``.</doc>
<msg timestamp="20210613 21:14:17.354" level="INFO">Opening browser 'headlessfirefox' to base url 'http://localhost/Zhooter'.</msg>
<msg timestamp="20210613 21:14:17.354" level="INFO">Browser driver log file created to: C:\xampp\htdocs\Zhooter\test\nul</msg>
<status status="PASS" starttime="20210613 21:14:17.352" endtime="20210613 21:14:23.504"/>
</kw>
<kw name="Click Element" library="SeleniumLibrary">
<arg>class:button</arg>
<doc>Click the element identified by ``locator``.</doc>
<msg timestamp="20210613 21:14:23.505" level="INFO">Clicking element 'class:button'.</msg>
<status status="PASS" starttime="20210613 21:14:23.504" endtime="20210613 21:14:23.781"/>
</kw>
<kw name="Sleep" library="BuiltIn">
<arg>1s</arg>
<doc>Pauses the test executed for the given time.</doc>
<msg timestamp="20210613 21:14:24.785" level="INFO">Slept 1 second</msg>
<status status="PASS" starttime="20210613 21:14:23.782" endtime="20210613 21:14:24.785"/>
</kw>
<kw name="Execute Javascript" library="SeleniumLibrary">
<arg>document.getElementsByClassName('character')[0].click()</arg>
<doc>Executes the given JavaScript code with possible arguments.</doc>
<msg timestamp="20210613 21:14:24.787" level="INFO">Executing JavaScript:
document.getElementsByClassName('character')[0].click()
Without any arguments.</msg>
<status status="PASS" starttime="20210613 21:14:24.786" endtime="20210613 21:14:24.795"/>
</kw>
<kw name="Sleep" library="BuiltIn">
<arg>1s</arg>
<doc>Pauses the test executed for the given time.</doc>
<msg timestamp="20210613 21:14:25.808" level="INFO">Slept 1 second</msg>
<status status="PASS" starttime="20210613 21:14:24.795" endtime="20210613 21:14:25.808"/>
</kw>
<status status="PASS" starttime="20210613 21:14:17.351" endtime="20210613 21:14:25.809"/>
</kw>
<kw name="Game over">
<kw name="Execute Javascript" library="SeleniumLibrary">
<arg>window.sessionStorage.setItem("level", 5);</arg>
<doc>Executes the given JavaScript code with possible arguments.</doc>
<msg timestamp="20210613 21:14:25.810" level="INFO">Executing JavaScript:
window.sessionStorage.setItem("level", 5);
Without any arguments.</msg>
<status status="PASS" starttime="20210613 21:14:25.810" endtime="20210613 21:14:25.814"/>
</kw>
<kw name="Execute Javascript" library="SeleniumLibrary">
<arg>window.sessionStorage.setItem("killedEnemies", 5);</arg>
<doc>Executes the given JavaScript code with possible arguments.</doc>
<msg timestamp="20210613 21:14:25.815" level="INFO">Executing JavaScript:
window.sessionStorage.setItem("killedEnemies", 5);
Without any arguments.</msg>
<status status="PASS" starttime="20210613 21:14:25.815" endtime="20210613 21:14:25.820"/>
</kw>
<kw name="Execute Javascript" library="SeleniumLibrary">
<arg>character.setHealt(0)</arg>
<doc>Executes the given JavaScript code with possible arguments.</doc>
<msg timestamp="20210613 21:14:25.821" level="INFO">Executing JavaScript:
character.setHealt(0)
Without any arguments.</msg>
<status status="PASS" starttime="20210613 21:14:25.820" endtime="20210613 21:14:25.827"/>
</kw>
<kw name="Sleep" library="BuiltIn">
<arg>1s</arg>
<doc>Pauses the test executed for the given time.</doc>
<msg timestamp="20210613 21:14:26.843" level="INFO">Slept 1 second</msg>
<status status="PASS" starttime="20210613 21:14:25.827" endtime="20210613 21:14:26.843"/>
</kw>
<kw name="Title Should Be" library="SeleniumLibrary">
<arg>Game Over</arg>
<doc>Verifies that the current page title equals ``title``.</doc>
<msg timestamp="20210613 21:14:26.847" level="INFO">Page title is 'Game Over'.</msg>
<status status="PASS" starttime="20210613 21:14:26.844" endtime="20210613 21:14:26.847"/>
</kw>
<kw name="Execute Javascript" library="SeleniumLibrary">
<var>${level}</var>
<arg>return (window.sessionStorage.getItem('level'));</arg>
<doc>Executes the given JavaScript code with possible arguments.</doc>
<msg timestamp="20210613 21:14:26.848" level="INFO">Executing JavaScript:
return (window.sessionStorage.getItem('level'));
Without any arguments.</msg>
<msg timestamp="20210613 21:14:26.853" level="INFO">${level} = 5</msg>
<status status="PASS" starttime="20210613 21:14:26.847" endtime="20210613 21:14:26.853"/>
</kw>
<kw name="Execute Javascript" library="SeleniumLibrary">
<var>${killedEnemies}</var>
<arg>return (window.sessionStorage.getItem('killedEnemies'));</arg>
<doc>Executes the given JavaScript code with possible arguments.</doc>
<msg timestamp="20210613 21:14:26.854" level="INFO">Executing JavaScript:
return (window.sessionStorage.getItem('killedEnemies'));
Without any arguments.</msg>
<msg timestamp="20210613 21:14:26.858" level="INFO">${killedEnemies} = 5</msg>
<status status="PASS" starttime="20210613 21:14:26.853" endtime="20210613 21:14:26.858"/>
</kw>
<kw name="Should Be Equal" library="BuiltIn">
<arg>${level}</arg>
<arg>5</arg>
<doc>Fails if the given objects are unequal.</doc>
<status status="PASS" starttime="20210613 21:14:26.858" endtime="20210613 21:14:26.859"/>
</kw>
<kw name="Should Be Equal" library="BuiltIn">
<arg>${killedEnemies}</arg>
<arg>5</arg>
<doc>Fails if the given objects are unequal.</doc>
<status status="PASS" starttime="20210613 21:14:26.859" endtime="20210613 21:14:26.860"/>
</kw>
<kw name="Click Element" library="SeleniumLibrary">
<arg>id:reinicio</arg>
<doc>Click the element identified by ``locator``.</doc>
<msg timestamp="20210613 21:14:26.860" level="INFO">Clicking element 'id:reinicio'.</msg>
<status status="PASS" starttime="20210613 21:14:26.860" endtime="20210613 21:14:26.897"/>
</kw>
<kw name="Sleep" library="BuiltIn">
<arg>1s</arg>
<doc>Pauses the test executed for the given time.</doc>
<msg timestamp="20210613 21:14:27.904" level="INFO">Slept 1 second</msg>
<status status="PASS" starttime="20210613 21:14:26.897" endtime="20210613 21:14:27.904"/>
</kw>
<kw name="Title Should Be" library="SeleniumLibrary">
<arg>Menu</arg>
<doc>Verifies that the current page title equals ``title``.</doc>
<msg timestamp="20210613 21:14:27.907" level="INFO">Page title is 'Menu'.</msg>
<status status="PASS" starttime="20210613 21:14:27.905" endtime="20210613 21:14:27.907"/>
</kw>
<status status="PASS" starttime="20210613 21:14:25.809" endtime="20210613 21:14:27.907"/>
</kw>
<kw name="Cerrar navegador">
<kw name="Sleep" library="BuiltIn">
<arg>1s</arg>
<doc>Pauses the test executed for the given time.</doc>
<msg timestamp="20210613 21:14:28.920" level="INFO">Slept 1 second</msg>
<status status="PASS" starttime="20210613 21:14:27.907" endtime="20210613 21:14:28.920"/>
</kw>
<kw name="Close Browser" library="SeleniumLibrary">
<doc>Closes the current browser.</doc>
<status status="PASS" starttime="20210613 21:14:28.920" endtime="20210613 21:14:29.687"/>
</kw>
<status status="PASS" starttime="20210613 21:14:27.907" endtime="20210613 21:14:29.687"/>
</kw>
<status status="PASS" starttime="20210613 21:14:17.351" endtime="20210613 21:14:29.688"/>
</test>
<test id="s1-t8" name="TR3.1">
<kw name="Ejecutar juego">
<kw name="Open Browser" library="SeleniumLibrary">
<arg>${pagina}</arg>
<arg>${browser}</arg>
<arg>service_log_path=${{os.path.devnull}}</arg>
<doc>Opens a new browser instance to the optional ``url``.</doc>
<msg timestamp="20210613 21:14:29.691" level="INFO">Opening browser 'headlessfirefox' to base url 'http://localhost/Zhooter'.</msg>
<msg timestamp="20210613 21:14:29.691" level="INFO">Browser driver log file created to: C:\xampp\htdocs\Zhooter\test\nul</msg>
<status status="PASS" starttime="20210613 21:14:29.690" endtime="20210613 21:14:35.797"/>
</kw>
<kw name="Click Element" library="SeleniumLibrary">
<arg>class:button</arg>
<doc>Click the element identified by ``locator``.</doc>
<msg timestamp="20210613 21:14:35.797" level="INFO">Clicking element 'class:button'.</msg>
<status status="PASS" starttime="20210613 21:14:35.797" endtime="20210613 21:14:36.042"/>
</kw>
<kw name="Sleep" library="BuiltIn">
<arg>1s</arg>
<doc>Pauses the test executed for the given time.</doc>
<msg timestamp="20210613 21:14:37.045" level="INFO">Slept 1 second</msg>
<status status="PASS" starttime="20210613 21:14:36.042" endtime="20210613 21:14:37.046"/>
</kw>
<kw name="Execute Javascript" library="SeleniumLibrary">
<arg>document.getElementsByClassName('character')[0].click()</arg>
<doc>Executes the given JavaScript code with possible arguments.</doc>
<msg timestamp="20210613 21:14:37.047" level="INFO">Executing JavaScript:
document.getElementsByClassName('character')[0].click()
Without any arguments.</msg>
<status status="PASS" starttime="20210613 21:14:37.046" endtime="20210613 21:14:37.055"/>
</kw>
<kw name="Sleep" library="BuiltIn">
<arg>1s</arg>
<doc>Pauses the test executed for the given time.</doc>
<msg timestamp="20210613 21:14:38.070" level="INFO">Slept 1 second</msg>
<status status="PASS" starttime="20210613 21:14:37.056" endtime="20210613 21:14:38.071"/>
</kw>
<status status="PASS" starttime="20210613 21:14:29.689" endtime="20210613 21:14:38.071"/>
</kw>
<kw name="Frenar zombis">
<kw name="Execute Javascript" library="SeleniumLibrary">
<arg>clearInterval(interval_attack);</arg>
<doc>Executes the given JavaScript code with possible arguments.</doc>
<msg timestamp="20210613 21:14:38.072" level="INFO">Executing JavaScript:
clearInterval(interval_attack);
Without any arguments.</msg>
<status status="PASS" starttime="20210613 21:14:38.071" endtime="20210613 21:14:38.076"/>
</kw>
<status status="PASS" starttime="20210613 21:14:38.071" endtime="20210613 21:14:38.076"/>
</kw>
<kw name="Numero de enemigos">
<kw name="Execute Javascript" library="SeleniumLibrary">
<var>${n_enemies}</var>
<arg>return enemys.length</arg>
<doc>Executes the given JavaScript code with possible arguments.</doc>
<msg timestamp="20210613 21:14:38.077" level="INFO">Executing JavaScript:
return enemys.length
Without any arguments.</msg>
<msg timestamp="20210613 21:14:38.081" level="INFO">${n_enemies} = 10</msg>
<status status="PASS" starttime="20210613 21:14:38.077" endtime="20210613 21:14:38.081"/>
</kw>
<kw name="Execute Javascript" library="SeleniumLibrary">
<var>${level}</var>
<arg>return (window.sessionStorage.getItem('level') * 10);</arg>
<doc>Executes the given JavaScript code with possible arguments.</doc>
<msg timestamp="20210613 21:14:38.082" level="INFO">Executing JavaScript:
return (window.sessionStorage.getItem('level') * 10);
Without any arguments.</msg>
<msg timestamp="20210613 21:14:38.086" level="INFO">${level} = 10</msg>
<status status="PASS" starttime="20210613 21:14:38.082" endtime="20210613 21:14:38.086"/>
</kw>
<kw name="Should Be Equal" library="BuiltIn">
<arg>${n_enemies}</arg>
<arg>${level}</arg>
<doc>Fails if the given objects are unequal.</doc>
<status status="PASS" starttime="20210613 21:14:38.087" endtime="20210613 21:14:38.087"/>
</kw>
<status status="PASS" starttime="20210613 21:14:38.076" endtime="20210613 21:14:38.087"/>
</kw>
<kw name="Cerrar navegador">
<kw name="Sleep" library="BuiltIn">
<arg>1s</arg>
<doc>Pauses the test executed for the given time.</doc>
<msg timestamp="20210613 21:14:39.088" level="INFO">Slept 1 second</msg>
<status status="PASS" starttime="20210613 21:14:38.088" endtime="20210613 21:14:39.089"/>
</kw>
<kw name="Close Browser" library="SeleniumLibrary">
<doc>Closes the current browser.</doc>
<status status="PASS" starttime="20210613 21:14:39.089" endtime="20210613 21:14:39.843"/>
</kw>
<status status="PASS" starttime="20210613 21:14:38.087" endtime="20210613 21:14:39.843"/>
</kw>
<status status="PASS" starttime="20210613 21:14:29.688" endtime="20210613 21:14:39.843"/>
</test>
<status status="PASS" starttime="20210613 21:12:59.160" endtime="20210613 21:14:39.845"/>
</suite>
<statistics>
<total>
<stat pass="8" fail="0" skip="0">All Tests</stat>
</total>
<tag>
</tag>
<suite>
<stat pass="8" fail="0" skip="0" id="s1" name="Run">Run</stat>
</suite>
</statistics>
<errors>
</errors>
</robot>
