<?xml version="1.0" encoding="UTF-8"?>
<robot generator="Robot 4.0.3 (Python 3.9.5 on linux)" generated="20210614 01:30:50.286" rpa="false" schemaversion="2">
<suite id="s1" name="Test" source="/home/asegovia/Documentos/Alan-Facultad/Isoft/TP1-Zhooter/repo/htdocs/test/test.robot">
<test id="s1-t1" name="TR1_2">
<kw name="Ejecutar juego">
<kw name="Open Browser" library="SeleniumLibrary">
<arg>${pagina}</arg>
<arg>${browser}</arg>
<arg>service_log_path=${{os.path.devnull}}</arg>
<doc>Opens a new browser instance to the optional ``url``.</doc>
<msg timestamp="20210614 01:30:50.400" level="INFO">Opening browser 'headlessfirefox' to base url 'http://localhost/'.</msg>
<msg timestamp="20210614 01:30:50.400" level="INFO">Browser driver log file created to: /dev/null</msg>
<status status="PASS" starttime="20210614 01:30:50.399" endtime="20210614 01:30:52.345"/>
</kw>
<kw name="Click Element" library="SeleniumLibrary">
<arg>class:button</arg>
<doc>Click the element identified by ``locator``.</doc>
<msg timestamp="20210614 01:30:52.347" level="INFO">Clicking element 'class:button'.</msg>
<status status="PASS" starttime="20210614 01:30:52.346" endtime="20210614 01:30:52.476"/>
</kw>
<kw name="Sleep" library="BuiltIn">
<arg>1s</arg>
<doc>Pauses the test executed for the given time.</doc>
<msg timestamp="20210614 01:30:53.476" level="INFO">Slept 1 second</msg>
<status status="PASS" starttime="20210614 01:30:52.476" endtime="20210614 01:30:53.477"/>
</kw>
<kw name="Execute Javascript" library="SeleniumLibrary">
<arg>document.getElementsByClassName('character')[0].click()</arg>
<doc>Executes the given JavaScript code with possible arguments.</doc>
<msg timestamp="20210614 01:30:53.480" level="INFO">Executing JavaScript:
document.getElementsByClassName('character')[0].click()
Without any arguments.</msg>
<status status="PASS" starttime="20210614 01:30:53.478" endtime="20210614 01:30:53.509"/>
</kw>
<kw name="Sleep" library="BuiltIn">
<arg>1s</arg>
<doc>Pauses the test executed for the given time.</doc>
<msg timestamp="20210614 01:30:54.510" level="INFO">Slept 1 second</msg>
<status status="PASS" starttime="20210614 01:30:53.509" endtime="20210614 01:30:54.510"/>
</kw>
<status status="PASS" starttime="20210614 01:30:50.399" endtime="20210614 01:30:54.511"/>
</kw>
<kw name="Frenar zombis">
<kw name="Execute Javascript" library="SeleniumLibrary">
<arg>clearInterval(interval_attack);</arg>
<doc>Executes the given JavaScript code with possible arguments.</doc>
<msg timestamp="20210614 01:30:54.514" level="INFO">Executing JavaScript:
clearInterval(interval_attack);
Without any arguments.</msg>
<status status="PASS" starttime="20210614 01:30:54.513" endtime="20210614 01:30:54.527"/>
</kw>
<status status="PASS" starttime="20210614 01:30:54.512" endtime="20210614 01:30:54.527"/>
</kw>
<kw name="Execute Javascript" library="SeleniumLibrary">
<var>${xPosOld}</var>
<arg>return parseInt(character.getX());</arg>
<doc>Executes the given JavaScript code with possible arguments.</doc>
<msg timestamp="20210614 01:30:54.529" level="INFO">Executing JavaScript:
return parseInt(character.getX());
Without any arguments.</msg>
<msg timestamp="20210614 01:30:54.541" level="INFO">${xPosOld} = 683</msg>
<status status="PASS" starttime="20210614 01:30:54.528" endtime="20210614 01:30:54.542"/>
</kw>
<kw name="Execute Javascript" library="SeleniumLibrary">
<var>${yPosOld}</var>
<arg>return parseInt(character.getY());</arg>
<doc>Executes the given JavaScript code with possible arguments.</doc>
<msg timestamp="20210614 01:30:54.545" level="INFO">Executing JavaScript:
return parseInt(character.getY());
Without any arguments.</msg>
<msg timestamp="20210614 01:30:54.557" level="INFO">${yPosOld} = 276</msg>
<status status="PASS" starttime="20210614 01:30:54.543" endtime="20210614 01:30:54.557"/>
</kw>
<kw name="Mover characterW">
<kw name="Press Keys" library="SeleniumLibrary">
<arg>none</arg>
<arg>W</arg>
<doc>Simulates the user pressing key(s) to an element or on the active browser.</doc>
<msg timestamp="20210614 01:30:54.560" level="INFO">Sending key(s) ('W',) to page.</msg>
<msg timestamp="20210614 01:30:54.560" level="INFO">Sending key W</msg>
<status status="PASS" starttime="20210614 01:30:54.559" endtime="20210614 01:30:54.590"/>
</kw>
<status status="PASS" starttime="20210614 01:30:54.558" endtime="20210614 01:30:54.591"/>
</kw>
<kw name="Execute Javascript" library="SeleniumLibrary">
<var>${yPosActual}</var>
<arg>return parseInt(character.getY());</arg>
<doc>Executes the given JavaScript code with possible arguments.</doc>
<msg timestamp="20210614 01:30:54.592" level="INFO">Executing JavaScript:
return parseInt(character.getY());
Without any arguments.</msg>
<msg timestamp="20210614 01:30:54.596" level="INFO">${yPosActual} = 256</msg>
<status status="PASS" starttime="20210614 01:30:54.591" endtime="20210614 01:30:54.596"/>
</kw>
<kw name="Should Be True" library="BuiltIn">
<arg>${yPosOld}&gt;${yPosActual}</arg>
<doc>Fails if the given condition is not true.</doc>
<status status="PASS" starttime="20210614 01:30:54.597" endtime="20210614 01:30:54.597"/>
</kw>
<kw name="Set Variable" library="BuiltIn">
<var>${yPosOld}</var>
<arg>${yPosActual}</arg>
<doc>Returns the given values which can then be assigned to a variables.</doc>
<msg timestamp="20210614 01:30:54.598" level="INFO">${yPosOld} = 256</msg>
<status status="PASS" starttime="20210614 01:30:54.597" endtime="20210614 01:30:54.598"/>
</kw>
<kw name="Mover characterA">
<kw name="Press Keys" library="SeleniumLibrary">
<arg>none</arg>
<arg>A</arg>
<doc>Simulates the user pressing key(s) to an element or on the active browser.</doc>
<msg timestamp="20210614 01:30:54.599" level="INFO">Sending key(s) ('A',) to page.</msg>
<msg timestamp="20210614 01:30:54.599" level="INFO">Sending key A</msg>
<status status="PASS" starttime="20210614 01:30:54.598" endtime="20210614 01:30:54.608"/>
</kw>
<status status="PASS" starttime="20210614 01:30:54.598" endtime="20210614 01:30:54.609"/>
</kw>
<kw name="Execute Javascript" library="SeleniumLibrary">
<var>${xPosActual}</var>
<arg>return parseInt(character.getY());</arg>
<doc>Executes the given JavaScript code with possible arguments.</doc>
<msg timestamp="20210614 01:30:54.609" level="INFO">Executing JavaScript:
return parseInt(character.getY());
Without any arguments.</msg>
<msg timestamp="20210614 01:30:54.612" level="INFO">${xPosActual} = 256</msg>
<status status="PASS" starttime="20210614 01:30:54.609" endtime="20210614 01:30:54.613"/>
</kw>
<kw name="Should Be True" library="BuiltIn">
<arg>${xPosOld}&gt;${xPosActual}</arg>
<doc>Fails if the given condition is not true.</doc>
<status status="PASS" starttime="20210614 01:30:54.613" endtime="20210614 01:30:54.613"/>
</kw>
<kw name="Set Variable" library="BuiltIn">
<var>${xPosOld}</var>
<arg>${xPosActual}</arg>
<doc>Returns the given values which can then be assigned to a variables.</doc>
<msg timestamp="20210614 01:30:54.613" level="INFO">${xPosOld} = 256</msg>
<status status="PASS" starttime="20210614 01:30:54.613" endtime="20210614 01:30:54.613"/>
</kw>
<kw name="Mover characterS">
<kw name="Press Keys" library="SeleniumLibrary">
<arg>none</arg>
<arg>S</arg>
<doc>Simulates the user pressing key(s) to an element or on the active browser.</doc>
<msg timestamp="20210614 01:30:54.614" level="INFO">Sending key(s) ('S',) to page.</msg>
<msg timestamp="20210614 01:30:54.614" level="INFO">Sending key S</msg>
<status status="PASS" starttime="20210614 01:30:54.614" endtime="20210614 01:30:54.620"/>
</kw>
<status status="PASS" starttime="20210614 01:30:54.614" endtime="20210614 01:30:54.620"/>
</kw>
<kw name="Execute Javascript" library="SeleniumLibrary">
<var>${yPosActual}</var>
<arg>return parseInt(character.getY());</arg>
<doc>Executes the given JavaScript code with possible arguments.</doc>
<msg timestamp="20210614 01:30:54.622" level="INFO">Executing JavaScript:
return parseInt(character.getY());
Without any arguments.</msg>
<msg timestamp="20210614 01:30:54.626" level="INFO">${yPosActual} = 276</msg>
<status status="PASS" starttime="20210614 01:30:54.621" endtime="20210614 01:30:54.626"/>
</kw>
<kw name="Should Be True" library="BuiltIn">
<arg>${yPosOld}&lt;${yPosActual}</arg>
<doc>Fails if the given condition is not true.</doc>
<status status="PASS" starttime="20210614 01:30:54.626" endtime="20210614 01:30:54.626"/>
</kw>
<kw name="Mover characterD">
<kw name="Press Keys" library="SeleniumLibrary">
<arg>none</arg>
<arg>D</arg>
<doc>Simulates the user pressing key(s) to an element or on the active browser.</doc>
<msg timestamp="20210614 01:30:54.628" level="INFO">Sending key(s) ('D',) to page.</msg>
<msg timestamp="20210614 01:30:54.628" level="INFO">Sending key D</msg>
<status status="PASS" starttime="20210614 01:30:54.627" endtime="20210614 01:30:54.634"/>
</kw>
<status status="PASS" starttime="20210614 01:30:54.627" endtime="20210614 01:30:54.634"/>
</kw>
<kw name="Execute Javascript" library="SeleniumLibrary">
<var>${xPosActual}</var>
<arg>return parseInt(character.getY());</arg>
<doc>Executes the given JavaScript code with possible arguments.</doc>
<msg timestamp="20210614 01:30:54.635" level="INFO">Executing JavaScript:
return parseInt(character.getY());
Without any arguments.</msg>
<msg timestamp="20210614 01:30:54.637" level="INFO">${xPosActual} = 276</msg>
<status status="PASS" starttime="20210614 01:30:54.634" endtime="20210614 01:30:54.637"/>
</kw>
<kw name="Should Be True" library="BuiltIn">
<arg>${xPosOld}&lt;${xPosActual}</arg>
<doc>Fails if the given condition is not true.</doc>
<status status="PASS" starttime="20210614 01:30:54.638" endtime="20210614 01:30:54.638"/>
</kw>
<kw name="Cerrar navegador">
<kw name="Sleep" library="BuiltIn">
<arg>1s</arg>
<doc>Pauses the test executed for the given time.</doc>
<msg timestamp="20210614 01:30:55.639" level="INFO">Slept 1 second</msg>
<status status="PASS" starttime="20210614 01:30:54.638" endtime="20210614 01:30:55.639"/>
</kw>
<kw name="Close Browser" library="SeleniumLibrary">
<doc>Closes the current browser.</doc>
<status status="PASS" starttime="20210614 01:30:55.639" endtime="20210614 01:30:55.993"/>
</kw>
<status status="PASS" starttime="20210614 01:30:54.638" endtime="20210614 01:30:55.993"/>
</kw>
<status status="PASS" starttime="20210614 01:30:50.398" endtime="20210614 01:30:55.993"/>
</test>
<test id="s1-t2" name="TR1_3">
<kw name="Ejecutar juego">
<kw name="Open Browser" library="SeleniumLibrary">
<arg>${pagina}</arg>
<arg>${browser}</arg>
<arg>service_log_path=${{os.path.devnull}}</arg>
<doc>Opens a new browser instance to the optional ``url``.</doc>
<msg timestamp="20210614 01:30:55.995" level="INFO">Opening browser 'headlessfirefox' to base url 'http://localhost/'.</msg>
<msg timestamp="20210614 01:30:55.995" level="INFO">Browser driver log file created to: /dev/null</msg>
<status status="PASS" starttime="20210614 01:30:55.994" endtime="20210614 01:30:59.131"/>
</kw>
<kw name="Click Element" library="SeleniumLibrary">
<arg>class:button</arg>
<doc>Click the element identified by ``locator``.</doc>
<msg timestamp="20210614 01:30:59.134" level="INFO">Clicking element 'class:button'.</msg>
<status status="PASS" starttime="20210614 01:30:59.132" endtime="20210614 01:30:59.290"/>
</kw>
<kw name="Sleep" library="BuiltIn">
<arg>1s</arg>
<doc>Pauses the test executed for the given time.</doc>
<msg timestamp="20210614 01:31:00.291" level="INFO">Slept 1 second</msg>
<status status="PASS" starttime="20210614 01:30:59.291" endtime="20210614 01:31:00.292"/>
</kw>
<kw name="Execute Javascript" library="SeleniumLibrary">
<arg>document.getElementsByClassName('character')[0].click()</arg>
<doc>Executes the given JavaScript code with possible arguments.</doc>
<msg timestamp="20210614 01:31:00.294" level="INFO">Executing JavaScript:
document.getElementsByClassName('character')[0].click()
Without any arguments.</msg>
<status status="PASS" starttime="20210614 01:31:00.293" endtime="20210614 01:31:00.317"/>
</kw>
<kw name="Sleep" library="BuiltIn">
<arg>1s</arg>
<doc>Pauses the test executed for the given time.</doc>
<msg timestamp="20210614 01:31:01.318" level="INFO">Slept 1 second</msg>
<status status="PASS" starttime="20210614 01:31:00.317" endtime="20210614 01:31:01.319"/>
</kw>
<status status="PASS" starttime="20210614 01:30:55.994" endtime="20210614 01:31:01.320"/>
</kw>
<kw name="Frenar zombis">
<kw name="Execute Javascript" library="SeleniumLibrary">
<arg>clearInterval(interval_attack);</arg>
<doc>Executes the given JavaScript code with possible arguments.</doc>
<msg timestamp="20210614 01:31:01.324" level="INFO">Executing JavaScript:
clearInterval(interval_attack);
Without any arguments.</msg>
<status status="PASS" starttime="20210614 01:31:01.322" endtime="20210614 01:31:01.336"/>
</kw>
<status status="PASS" starttime="20210614 01:31:01.321" endtime="20210614 01:31:01.336"/>
</kw>
<kw name="Disparar">
<kw name="Execute Javascript" library="SeleniumLibrary">
<var>${ammo0}</var>
<arg>return (character.weaponActual.getAmmo()-4);</arg>
<doc>Executes the given JavaScript code with possible arguments.</doc>
<msg timestamp="20210614 01:31:01.340" level="INFO">Executing JavaScript:
return (character.weaponActual.getAmmo()-4);
Without any arguments.</msg>
<msg timestamp="20210614 01:31:01.348" level="INFO">${ammo0} = 16</msg>
<status status="PASS" starttime="20210614 01:31:01.338" endtime="20210614 01:31:01.348"/>
</kw>
<kw name="Press Keys" library="SeleniumLibrary">
<arg>none</arg>
<arg>ARROW_UP</arg>
<doc>Simulates the user pressing key(s) to an element or on the active browser.</doc>
<msg timestamp="20210614 01:31:01.350" level="INFO">Sending key(s) ('ARROW_UP',) to page.</msg>
<msg timestamp="20210614 01:31:01.350" level="INFO">Pressing special key ARROW_UP to browser.</msg>
<msg timestamp="20210614 01:31:01.350" level="INFO">Releasing special key ARROW_UP.</msg>
<status status="PASS" starttime="20210614 01:31:01.349" endtime="20210614 01:31:01.372"/>
</kw>
<kw name="Press Keys" library="SeleniumLibrary">
<arg>none</arg>
<arg>ARROW_DOWN</arg>
<doc>Simulates the user pressing key(s) to an element or on the active browser.</doc>
<msg timestamp="20210614 01:31:01.373" level="INFO">Sending key(s) ('ARROW_DOWN',) to page.</msg>
<msg timestamp="20210614 01:31:01.373" level="INFO">Pressing special key ARROW_DOWN to browser.</msg>
<msg timestamp="20210614 01:31:01.373" level="INFO">Releasing special key ARROW_DOWN.</msg>
<status status="PASS" starttime="20210614 01:31:01.372" endtime="20210614 01:31:01.385"/>
</kw>
<kw name="Press Keys" library="SeleniumLibrary">
<arg>none</arg>
<arg>ARROW_LEFT</arg>
<doc>Simulates the user pressing key(s) to an element or on the active browser.</doc>
<msg timestamp="20210614 01:31:01.386" level="INFO">Sending key(s) ('ARROW_LEFT',) to page.</msg>
<msg timestamp="20210614 01:31:01.386" level="INFO">Pressing special key ARROW_LEFT to browser.</msg>
<msg timestamp="20210614 01:31:01.386" level="INFO">Releasing special key ARROW_LEFT.</msg>
<status status="PASS" starttime="20210614 01:31:01.385" endtime="20210614 01:31:01.393"/>
</kw>
<kw name="Press Keys" library="SeleniumLibrary">
<arg>none</arg>
<arg>ARROW_RIGHT</arg>
<doc>Simulates the user pressing key(s) to an element or on the active browser.</doc>
<msg timestamp="20210614 01:31:01.395" level="INFO">Sending key(s) ('ARROW_RIGHT',) to page.</msg>
<msg timestamp="20210614 01:31:01.395" level="INFO">Pressing special key ARROW_RIGHT to browser.</msg>
<msg timestamp="20210614 01:31:01.395" level="INFO">Releasing special key ARROW_RIGHT.</msg>
<status status="PASS" starttime="20210614 01:31:01.394" endtime="20210614 01:31:01.401"/>
</kw>
<kw name="Execute Javascript" library="SeleniumLibrary">
<var>${ammo1}</var>
<arg>return character.weaponActual.getAmmo();</arg>
<doc>Executes the given JavaScript code with possible arguments.</doc>
<msg timestamp="20210614 01:31:01.402" level="INFO">Executing JavaScript:
return character.weaponActual.getAmmo();
Without any arguments.</msg>
<msg timestamp="20210614 01:31:01.407" level="INFO">${ammo1} = 16</msg>
<status status="PASS" starttime="20210614 01:31:01.401" endtime="20210614 01:31:01.407"/>
</kw>
<kw name="Should Be Equal" library="BuiltIn">
<arg>${ammo1}</arg>
<arg>${ammo0}</arg>
<doc>Fails if the given objects are unequal.</doc>
<status status="PASS" starttime="20210614 01:31:01.407" endtime="20210614 01:31:01.408"/>
</kw>
<status status="PASS" starttime="20210614 01:31:01.337" endtime="20210614 01:31:01.408"/>
</kw>
<kw name="Cerrar navegador">
<kw name="Sleep" library="BuiltIn">
<arg>1s</arg>
<doc>Pauses the test executed for the given time.</doc>
<msg timestamp="20210614 01:31:02.410" level="INFO">Slept 1 second</msg>
<status status="PASS" starttime="20210614 01:31:01.409" endtime="20210614 01:31:02.411"/>
</kw>
<kw name="Close Browser" library="SeleniumLibrary">
<doc>Closes the current browser.</doc>
<status status="PASS" starttime="20210614 01:31:02.411" endtime="20210614 01:31:02.979"/>
</kw>
<status status="PASS" starttime="20210614 01:31:01.408" endtime="20210614 01:31:02.980"/>
</kw>
<status status="PASS" starttime="20210614 01:30:55.993" endtime="20210614 01:31:02.981"/>
</test>
<test id="s1-t3" name="TR1_4">
<kw name="Ejecutar juego">
<kw name="Open Browser" library="SeleniumLibrary">
<arg>${pagina}</arg>
<arg>${browser}</arg>
<arg>service_log_path=${{os.path.devnull}}</arg>
<doc>Opens a new browser instance to the optional ``url``.</doc>
<msg timestamp="20210614 01:31:02.988" level="INFO">Opening browser 'headlessfirefox' to base url 'http://localhost/'.</msg>
<msg timestamp="20210614 01:31:02.988" level="INFO">Browser driver log file created to: /dev/null</msg>
<status status="PASS" starttime="20210614 01:31:02.985" endtime="20210614 01:31:06.052"/>
</kw>
<kw name="Click Element" library="SeleniumLibrary">
<arg>class:button</arg>
<doc>Click the element identified by ``locator``.</doc>
<msg timestamp="20210614 01:31:06.055" level="INFO">Clicking element 'class:button'.</msg>
<status status="PASS" starttime="20210614 01:31:06.053" endtime="20210614 01:31:06.254"/>
</kw>
<kw name="Sleep" library="BuiltIn">
<arg>1s</arg>
<doc>Pauses the test executed for the given time.</doc>
<msg timestamp="20210614 01:31:07.255" level="INFO">Slept 1 second</msg>
<status status="PASS" starttime="20210614 01:31:06.255" endtime="20210614 01:31:07.256"/>
</kw>
<kw name="Execute Javascript" library="SeleniumLibrary">
<arg>document.getElementsByClassName('character')[0].click()</arg>
<doc>Executes the given JavaScript code with possible arguments.</doc>
<msg timestamp="20210614 01:31:07.259" level="INFO">Executing JavaScript:
document.getElementsByClassName('character')[0].click()
Without any arguments.</msg>
<status status="PASS" starttime="20210614 01:31:07.257" endtime="20210614 01:31:07.285"/>
</kw>
<kw name="Sleep" library="BuiltIn">
<arg>1s</arg>
<doc>Pauses the test executed for the given time.</doc>
<msg timestamp="20210614 01:31:08.286" level="INFO">Slept 1 second</msg>
<status status="PASS" starttime="20210614 01:31:07.286" endtime="20210614 01:31:08.287"/>
</kw>
<status status="PASS" starttime="20210614 01:31:02.984" endtime="20210614 01:31:08.287"/>
</kw>
<kw name="Press Keys" library="SeleniumLibrary">
<arg>none</arg>
<arg>P</arg>
<doc>Simulates the user pressing key(s) to an element or on the active browser.</doc>
<msg timestamp="20210614 01:31:08.287" level="INFO">Sending key(s) ('P',) to page.</msg>
<msg timestamp="20210614 01:31:08.287" level="INFO">Sending key P</msg>
<status status="PASS" starttime="20210614 01:31:08.287" endtime="20210614 01:31:08.305"/>
</kw>
<kw name="Execute Javascript" library="SeleniumLibrary">
<var>${page}</var>
<arg>return window.location.href</arg>
<doc>Executes the given JavaScript code with possible arguments.</doc>
<msg timestamp="20210614 01:31:08.307" level="INFO">Executing JavaScript:
return window.location.href
Without any arguments.</msg>
<msg timestamp="20210614 01:31:08.324" level="INFO">${page} = http://localhost/pause.php</msg>
<status status="PASS" starttime="20210614 01:31:08.306" endtime="20210614 01:31:08.324"/>
</kw>
<kw name="Should Be Equal As Strings" library="BuiltIn">
<arg>${page}</arg>
<arg>http://localhost/pause.php</arg>
<doc>Fails if objects are unequal after converting them to strings.</doc>
<status status="PASS" starttime="20210614 01:31:08.324" endtime="20210614 01:31:08.324"/>
</kw>
<kw name="Cerrar navegador">
<kw name="Sleep" library="BuiltIn">
<arg>1s</arg>
<doc>Pauses the test executed for the given time.</doc>
<msg timestamp="20210614 01:31:09.325" level="INFO">Slept 1 second</msg>
<status status="PASS" starttime="20210614 01:31:08.325" endtime="20210614 01:31:09.325"/>
</kw>
<kw name="Close Browser" library="SeleniumLibrary">
<doc>Closes the current browser.</doc>
<status status="PASS" starttime="20210614 01:31:09.325" endtime="20210614 01:31:09.789"/>
</kw>
<status status="PASS" starttime="20210614 01:31:08.324" endtime="20210614 01:31:09.789"/>
</kw>
<status status="PASS" starttime="20210614 01:31:02.982" endtime="20210614 01:31:09.790"/>
</test>
<test id="s1-t4" name="TR1_5">
<kw name="Ejecutar juego">
<kw name="Open Browser" library="SeleniumLibrary">
<arg>${pagina}</arg>
<arg>${browser}</arg>
<arg>service_log_path=${{os.path.devnull}}</arg>
<doc>Opens a new browser instance to the optional ``url``.</doc>
<msg timestamp="20210614 01:31:09.798" level="INFO">Opening browser 'headlessfirefox' to base url 'http://localhost/'.</msg>
<msg timestamp="20210614 01:31:09.799" level="INFO">Browser driver log file created to: /dev/null</msg>
<status status="PASS" starttime="20210614 01:31:09.794" endtime="20210614 01:31:12.815"/>
</kw>
<kw name="Click Element" library="SeleniumLibrary">
<arg>class:button</arg>
<doc>Click the element identified by ``locator``.</doc>
<msg timestamp="20210614 01:31:12.818" level="INFO">Clicking element 'class:button'.</msg>
<status status="PASS" starttime="20210614 01:31:12.816" endtime="20210614 01:31:12.953"/>
</kw>
<kw name="Sleep" library="BuiltIn">
<arg>1s</arg>
<doc>Pauses the test executed for the given time.</doc>
<msg timestamp="20210614 01:31:13.954" level="INFO">Slept 1 second</msg>
<status status="PASS" starttime="20210614 01:31:12.953" endtime="20210614 01:31:13.954"/>
</kw>
<kw name="Execute Javascript" library="SeleniumLibrary">
<arg>document.getElementsByClassName('character')[0].click()</arg>
<doc>Executes the given JavaScript code with possible arguments.</doc>
<msg timestamp="20210614 01:31:13.956" level="INFO">Executing JavaScript:
document.getElementsByClassName('character')[0].click()
Without any arguments.</msg>
<status status="PASS" starttime="20210614 01:31:13.955" endtime="20210614 01:31:13.975"/>
</kw>
<kw name="Sleep" library="BuiltIn">
<arg>1s</arg>
<doc>Pauses the test executed for the given time.</doc>
<msg timestamp="20210614 01:31:14.977" level="INFO">Slept 1 second</msg>
<status status="PASS" starttime="20210614 01:31:13.975" endtime="20210614 01:31:14.977"/>
</kw>
<status status="PASS" starttime="20210614 01:31:09.793" endtime="20210614 01:31:14.978"/>
</kw>
<kw name="Frenar zombis">
<kw name="Execute Javascript" library="SeleniumLibrary">
<arg>clearInterval(interval_attack);</arg>
<doc>Executes the given JavaScript code with possible arguments.</doc>
<msg timestamp="20210614 01:31:14.981" level="INFO">Executing JavaScript:
clearInterval(interval_attack);
Without any arguments.</msg>
<status status="PASS" starttime="20210614 01:31:14.980" endtime="20210614 01:31:14.994"/>
</kw>
<status status="PASS" starttime="20210614 01:31:14.979" endtime="20210614 01:31:14.994"/>
</kw>
<kw name="Cambiar arma">
<kw name="Execute Javascript" library="SeleniumLibrary">
<var>${ammo0}</var>
<arg>return (character.weaponActual.getName());</arg>
<doc>Executes the given JavaScript code with possible arguments.</doc>
<msg timestamp="20210614 01:31:14.999" level="INFO">Executing JavaScript:
return (character.weaponActual.getName());
Without any arguments.</msg>
<msg timestamp="20210614 01:31:15.009" level="INFO">${ammo0} = ak-47</msg>
<status status="PASS" starttime="20210614 01:31:14.997" endtime="20210614 01:31:15.009"/>
</kw>
<kw name="Press Keys" library="SeleniumLibrary">
<arg>none</arg>
<arg>SPACE</arg>
<doc>Simulates the user pressing key(s) to an element or on the active browser.</doc>
<msg timestamp="20210614 01:31:15.012" level="INFO">Sending key(s) ('SPACE',) to page.</msg>
<msg timestamp="20210614 01:31:15.012" level="INFO">Pressing special key SPACE to browser.</msg>
<msg timestamp="20210614 01:31:15.013" level="INFO">Releasing special key SPACE.</msg>
<status status="PASS" starttime="20210614 01:31:15.010" endtime="20210614 01:31:15.051"/>
</kw>
<kw name="Execute Javascript" library="SeleniumLibrary">
<var>${ammo1}</var>
<arg>return (character.weaponActual.getName());</arg>
<doc>Executes the given JavaScript code with possible arguments.</doc>
<msg timestamp="20210614 01:31:15.052" level="INFO">Executing JavaScript:
return (character.weaponActual.getName());
Without any arguments.</msg>
<msg timestamp="20210614 01:31:15.057" level="INFO">${ammo1} = Pistol</msg>
<status status="PASS" starttime="20210614 01:31:15.052" endtime="20210614 01:31:15.057"/>
</kw>
<kw name="Should Not Be Equal" library="BuiltIn">
<arg>${ammo0}</arg>
<arg>${ammo1}</arg>
<doc>Fails if the given objects are equal.</doc>
<status status="PASS" starttime="20210614 01:31:15.058" endtime="20210614 01:31:15.058"/>
</kw>
<status status="PASS" starttime="20210614 01:31:14.995" endtime="20210614 01:31:15.058"/>
</kw>
<kw name="Cerrar navegador">
<kw name="Sleep" library="BuiltIn">
<arg>1s</arg>
<doc>Pauses the test executed for the given time.</doc>
<msg timestamp="20210614 01:31:16.059" level="INFO">Slept 1 second</msg>
<status status="PASS" starttime="20210614 01:31:15.059" endtime="20210614 01:31:16.059"/>
</kw>
<kw name="Close Browser" library="SeleniumLibrary">
<doc>Closes the current browser.</doc>
<status status="PASS" starttime="20210614 01:31:16.060" endtime="20210614 01:31:16.411"/>
</kw>
<status status="PASS" starttime="20210614 01:31:15.058" endtime="20210614 01:31:16.411"/>
</kw>
<status status="PASS" starttime="20210614 01:31:09.792" endtime="20210614 01:31:16.411"/>
</test>
<test id="s1-t5" name="TR1_6">
<kw name="Ejecutar juego">
<kw name="Open Browser" library="SeleniumLibrary">
<arg>${pagina}</arg>
<arg>${browser}</arg>
<arg>service_log_path=${{os.path.devnull}}</arg>
<doc>Opens a new browser instance to the optional ``url``.</doc>
<msg timestamp="20210614 01:31:16.413" level="INFO">Opening browser 'headlessfirefox' to base url 'http://localhost/'.</msg>
<msg timestamp="20210614 01:31:16.413" level="INFO">Browser driver log file created to: /dev/null</msg>
<status status="PASS" starttime="20210614 01:31:16.413" endtime="20210614 01:31:19.446"/>
</kw>
<kw name="Click Element" library="SeleniumLibrary">
<arg>class:button</arg>
<doc>Click the element identified by ``locator``.</doc>
<msg timestamp="20210614 01:31:19.449" level="INFO">Clicking element 'class:button'.</msg>
<status status="PASS" starttime="20210614 01:31:19.447" endtime="20210614 01:31:19.591"/>
</kw>
<kw name="Sleep" library="BuiltIn">
<arg>1s</arg>
<doc>Pauses the test executed for the given time.</doc>
<msg timestamp="20210614 01:31:20.591" level="INFO">Slept 1 second</msg>
<status status="PASS" starttime="20210614 01:31:19.591" endtime="20210614 01:31:20.592"/>
</kw>
<kw name="Execute Javascript" library="SeleniumLibrary">
<arg>document.getElementsByClassName('character')[0].click()</arg>
<doc>Executes the given JavaScript code with possible arguments.</doc>
<msg timestamp="20210614 01:31:20.594" level="INFO">Executing JavaScript:
document.getElementsByClassName('character')[0].click()
Without any arguments.</msg>
<status status="PASS" starttime="20210614 01:31:20.592" endtime="20210614 01:31:20.626"/>
</kw>
<kw name="Sleep" library="BuiltIn">
<arg>1s</arg>
<doc>Pauses the test executed for the given time.</doc>
<msg timestamp="20210614 01:31:21.627" level="INFO">Slept 1 second</msg>
<status status="PASS" starttime="20210614 01:31:20.626" endtime="20210614 01:31:21.628"/>
</kw>
<status status="PASS" starttime="20210614 01:31:16.412" endtime="20210614 01:31:21.629"/>
</kw>
<kw name="Pasar de nivel">
<kw name="Execute Javascript" library="SeleniumLibrary">
<arg>for (var i = enemys.length - 1; i &gt;= 0; i--) {enemys[i].setHealt(0);}</arg>
<doc>Executes the given JavaScript code with possible arguments.</doc>
<msg timestamp="20210614 01:31:21.633" level="INFO">Executing JavaScript:
for (var i = enemys.length - 1; i &gt;= 0; i--) {enemys[i].setHealt(0);}
Without any arguments.</msg>
<status status="PASS" starttime="20210614 01:31:21.631" endtime="20210614 01:31:21.649"/>
</kw>
<status status="PASS" starttime="20210614 01:31:21.629" endtime="20210614 01:31:21.651"/>
</kw>
<kw name="Usar tienda">
<kw name="Sleep" library="BuiltIn">
<arg>1s</arg>
<doc>Pauses the test executed for the given time.</doc>
<msg timestamp="20210614 01:31:22.655" level="INFO">Slept 1 second</msg>
<status status="PASS" starttime="20210614 01:31:21.653" endtime="20210614 01:31:22.655"/>
</kw>
<kw name="Click Element" library="SeleniumLibrary">
<arg>id:b3</arg>
<doc>Click the element identified by ``locator``.</doc>
<msg timestamp="20210614 01:31:22.656" level="INFO">Clicking element 'id:b3'.</msg>
<status status="PASS" starttime="20210614 01:31:22.655" endtime="20210614 01:31:22.733"/>
</kw>
<kw name="Title Should Be" library="SeleniumLibrary">
<arg>Zhooter</arg>
<doc>Verifies that the current page title equals ``title``.</doc>
<msg timestamp="20210614 01:31:22.743" level="INFO">Page title is 'Zhooter'.</msg>
<status status="PASS" starttime="20210614 01:31:22.733" endtime="20210614 01:31:22.743"/>
</kw>
<kw name="Pasar de nivel">
<kw name="Execute Javascript" library="SeleniumLibrary">
<arg>for (var i = enemys.length - 1; i &gt;= 0; i--) {enemys[i].setHealt(0);}</arg>
<doc>Executes the given JavaScript code with possible arguments.</doc>
<msg timestamp="20210614 01:31:22.744" level="INFO">Executing JavaScript:
for (var i = enemys.length - 1; i &gt;= 0; i--) {enemys[i].setHealt(0);}
Without any arguments.</msg>
<status status="PASS" starttime="20210614 01:31:22.743" endtime="20210614 01:31:22.752"/>
</kw>
<status status="PASS" starttime="20210614 01:31:22.743" endtime="20210614 01:31:22.752"/>
</kw>
<kw name="Sleep" library="BuiltIn">
<arg>1s</arg>
<doc>Pauses the test executed for the given time.</doc>
<msg timestamp="20210614 01:31:23.753" level="INFO">Slept 1 second</msg>
<status status="PASS" starttime="20210614 01:31:22.752" endtime="20210614 01:31:23.753"/>
</kw>
<kw name="Click Element" library="SeleniumLibrary">
<arg>id:b2</arg>
<doc>Click the element identified by ``locator``.</doc>
<msg timestamp="20210614 01:31:23.755" level="INFO">Clicking element 'id:b2'.</msg>
<status status="PASS" starttime="20210614 01:31:23.754" endtime="20210614 01:31:23.853"/>
</kw>
<kw name="Title Should Be" library="SeleniumLibrary">
<arg>Zhooter</arg>
<doc>Verifies that the current page title equals ``title``.</doc>
<msg timestamp="20210614 01:31:23.865" level="INFO">Page title is 'Zhooter'.</msg>
<status status="PASS" starttime="20210614 01:31:23.853" endtime="20210614 01:31:23.865"/>
</kw>
<kw name="Pasar de nivel">
<kw name="Execute Javascript" library="SeleniumLibrary">
<arg>for (var i = enemys.length - 1; i &gt;= 0; i--) {enemys[i].setHealt(0);}</arg>
<doc>Executes the given JavaScript code with possible arguments.</doc>
<msg timestamp="20210614 01:31:23.866" level="INFO">Executing JavaScript:
for (var i = enemys.length - 1; i &gt;= 0; i--) {enemys[i].setHealt(0);}
Without any arguments.</msg>
<status status="PASS" starttime="20210614 01:31:23.865" endtime="20210614 01:31:23.872"/>
</kw>
<status status="PASS" starttime="20210614 01:31:23.865" endtime="20210614 01:31:23.872"/>
</kw>
<kw name="Sleep" library="BuiltIn">
<arg>1s</arg>
<doc>Pauses the test executed for the given time.</doc>
<msg timestamp="20210614 01:31:24.873" level="INFO">Slept 1 second</msg>
<status status="PASS" starttime="20210614 01:31:23.872" endtime="20210614 01:31:24.873"/>
</kw>
<kw name="Click Element" library="SeleniumLibrary">
<arg>id:b1</arg>
<doc>Click the element identified by ``locator``.</doc>
<msg timestamp="20210614 01:31:24.874" level="INFO">Clicking element 'id:b1'.</msg>
<status status="PASS" starttime="20210614 01:31:24.873" endtime="20210614 01:31:24.938"/>
</kw>
<kw name="Title Should Be" library="SeleniumLibrary">
<arg>Zhooter</arg>
<doc>Verifies that the current page title equals ``title``.</doc>
<msg timestamp="20210614 01:31:24.955" level="INFO">Page title is 'Zhooter'.</msg>
<status status="PASS" starttime="20210614 01:31:24.938" endtime="20210614 01:31:24.955"/>
</kw>
<kw name="Pasar de nivel">
<kw name="Execute Javascript" library="SeleniumLibrary">
<arg>for (var i = enemys.length - 1; i &gt;= 0; i--) {enemys[i].setHealt(0);}</arg>
<doc>Executes the given JavaScript code with possible arguments.</doc>
<msg timestamp="20210614 01:31:24.956" level="INFO">Executing JavaScript:
for (var i = enemys.length - 1; i &gt;= 0; i--) {enemys[i].setHealt(0);}
Without any arguments.</msg>
<status status="PASS" starttime="20210614 01:31:24.955" endtime="20210614 01:31:24.965"/>
</kw>
<status status="PASS" starttime="20210614 01:31:24.955" endtime="20210614 01:31:24.965"/>
</kw>
<status status="PASS" starttime="20210614 01:31:21.651" endtime="20210614 01:31:24.965"/>
</kw>
<kw name="Cerrar navegador">
<kw name="Sleep" library="BuiltIn">
<arg>1s</arg>
<doc>Pauses the test executed for the given time.</doc>
<msg timestamp="20210614 01:31:25.966" level="INFO">Slept 1 second</msg>
<status status="PASS" starttime="20210614 01:31:24.966" endtime="20210614 01:31:25.967"/>
</kw>
<kw name="Close Browser" library="SeleniumLibrary">
<doc>Closes the current browser.</doc>
<status status="PASS" starttime="20210614 01:31:25.967" endtime="20210614 01:31:26.513"/>
</kw>
<status status="PASS" starttime="20210614 01:31:24.966" endtime="20210614 01:31:26.514"/>
</kw>
<status status="PASS" starttime="20210614 01:31:16.412" endtime="20210614 01:31:26.514"/>
</test>
<test id="s1-t6" name="TR2_1">
<kw name="Ejecutar juego">
<kw name="Open Browser" library="SeleniumLibrary">
<arg>${pagina}</arg>
<arg>${browser}</arg>
<arg>service_log_path=${{os.path.devnull}}</arg>
<doc>Opens a new browser instance to the optional ``url``.</doc>
<msg timestamp="20210614 01:31:26.522" level="INFO">Opening browser 'headlessfirefox' to base url 'http://localhost/'.</msg>
<msg timestamp="20210614 01:31:26.523" level="INFO">Browser driver log file created to: /dev/null</msg>
<status status="PASS" starttime="20210614 01:31:26.519" endtime="20210614 01:31:29.737"/>
</kw>
<kw name="Click Element" library="SeleniumLibrary">
<arg>class:button</arg>
<doc>Click the element identified by ``locator``.</doc>
<msg timestamp="20210614 01:31:29.739" level="INFO">Clicking element 'class:button'.</msg>
<status status="PASS" starttime="20210614 01:31:29.738" endtime="20210614 01:31:29.876"/>
</kw>
<kw name="Sleep" library="BuiltIn">
<arg>1s</arg>
<doc>Pauses the test executed for the given time.</doc>
<msg timestamp="20210614 01:31:30.877" level="INFO">Slept 1 second</msg>
<status status="PASS" starttime="20210614 01:31:29.876" endtime="20210614 01:31:30.877"/>
</kw>
<kw name="Execute Javascript" library="SeleniumLibrary">
<arg>document.getElementsByClassName('character')[0].click()</arg>
<doc>Executes the given JavaScript code with possible arguments.</doc>
<msg timestamp="20210614 01:31:30.880" level="INFO">Executing JavaScript:
document.getElementsByClassName('character')[0].click()
Without any arguments.</msg>
<status status="PASS" starttime="20210614 01:31:30.878" endtime="20210614 01:31:30.908"/>
</kw>
<kw name="Sleep" library="BuiltIn">
<arg>1s</arg>
<doc>Pauses the test executed for the given time.</doc>
<msg timestamp="20210614 01:31:31.909" level="INFO">Slept 1 second</msg>
<status status="PASS" starttime="20210614 01:31:30.908" endtime="20210614 01:31:31.910"/>
</kw>
<status status="PASS" starttime="20210614 01:31:26.518" endtime="20210614 01:31:31.910"/>
</kw>
<kw name="Recorrer vistas">
<kw name="Press Keys" library="SeleniumLibrary">
<arg>none</arg>
<arg>P</arg>
<doc>Simulates the user pressing key(s) to an element or on the active browser.</doc>
<msg timestamp="20210614 01:31:31.914" level="INFO">Sending key(s) ('P',) to page.</msg>
<msg timestamp="20210614 01:31:31.915" level="INFO">Sending key P</msg>
<status status="PASS" starttime="20210614 01:31:31.913" endtime="20210614 01:31:31.952"/>
</kw>
<kw name="Sleep" library="BuiltIn">
<arg>1s</arg>
<doc>Pauses the test executed for the given time.</doc>
<msg timestamp="20210614 01:31:32.954" level="INFO">Slept 1 second</msg>
<status status="PASS" starttime="20210614 01:31:31.953" endtime="20210614 01:31:32.955"/>
</kw>
<kw name="Execute Javascript" library="SeleniumLibrary">
<arg>document.getElementsByClassName('button')[1].click()</arg>
<doc>Executes the given JavaScript code with possible arguments.</doc>
<msg timestamp="20210614 01:31:32.957" level="INFO">Executing JavaScript:
document.getElementsByClassName('button')[1].click()
Without any arguments.</msg>
<status status="PASS" starttime="20210614 01:31:32.955" endtime="20210614 01:31:32.974"/>
</kw>
<kw name="Sleep" library="BuiltIn">
<arg>1s</arg>
<doc>Pauses the test executed for the given time.</doc>
<msg timestamp="20210614 01:31:33.975" level="INFO">Slept 1 second</msg>
<status status="PASS" starttime="20210614 01:31:32.974" endtime="20210614 01:31:33.975"/>
</kw>
<kw name="Click Element" library="SeleniumLibrary">
<arg>id:bVolver</arg>
<doc>Click the element identified by ``locator``.</doc>
<msg timestamp="20210614 01:31:33.977" level="INFO">Clicking element 'id:bVolver'.</msg>
<status status="PASS" starttime="20210614 01:31:33.976" endtime="20210614 01:31:34.041"/>
</kw>
<kw name="Sleep" library="BuiltIn">
<arg>1s</arg>
<doc>Pauses the test executed for the given time.</doc>
<msg timestamp="20210614 01:31:35.042" level="INFO">Slept 1 second</msg>
<status status="PASS" starttime="20210614 01:31:34.042" endtime="20210614 01:31:35.043"/>
</kw>
<kw name="Execute Javascript" library="SeleniumLibrary">
<arg>document.getElementsByClassName('button')[0].click()</arg>
<doc>Executes the given JavaScript code with possible arguments.</doc>
<msg timestamp="20210614 01:31:35.045" level="INFO">Executing JavaScript:
document.getElementsByClassName('button')[0].click()
Without any arguments.</msg>
<status status="PASS" starttime="20210614 01:31:35.043" endtime="20210614 01:31:35.068"/>
</kw>
<kw name="Sleep" library="BuiltIn">
<arg>1s</arg>
<doc>Pauses the test executed for the given time.</doc>
<msg timestamp="20210614 01:31:36.069" level="INFO">Slept 1 second</msg>
<status status="PASS" starttime="20210614 01:31:35.068" endtime="20210614 01:31:36.069"/>
</kw>
<kw name="Execute Javascript" library="SeleniumLibrary">
<arg>character.setHealt(0)</arg>
<doc>Executes the given JavaScript code with possible arguments.</doc>
<msg timestamp="20210614 01:31:36.071" level="INFO">Executing JavaScript:
character.setHealt(0)
Without any arguments.</msg>
<status status="PASS" starttime="20210614 01:31:36.070" endtime="20210614 01:31:36.089"/>
</kw>
<kw name="Sleep" library="BuiltIn">
<arg>1s</arg>
<doc>Pauses the test executed for the given time.</doc>
<msg timestamp="20210614 01:31:37.091" level="INFO">Slept 1 second</msg>
<status status="PASS" starttime="20210614 01:31:36.090" endtime="20210614 01:31:37.092"/>
</kw>
<kw name="Click Element" library="SeleniumLibrary">
<arg>id:reinicio</arg>
<doc>Click the element identified by ``locator``.</doc>
<msg timestamp="20210614 01:31:37.093" level="INFO">Clicking element 'id:reinicio'.</msg>
<status status="PASS" starttime="20210614 01:31:37.092" endtime="20210614 01:31:37.197"/>
</kw>
<kw name="Sleep" library="BuiltIn">
<arg>1s</arg>
<doc>Pauses the test executed for the given time.</doc>
<msg timestamp="20210614 01:31:38.198" level="INFO">Slept 1 second</msg>
<status status="PASS" starttime="20210614 01:31:37.197" endtime="20210614 01:31:38.198"/>
</kw>
<kw name="Title Should Be" library="SeleniumLibrary">
<arg>Menu</arg>
<doc>Verifies that the current page title equals ``title``.</doc>
<msg timestamp="20210614 01:31:38.205" level="INFO">Page title is 'Menu'.</msg>
<status status="PASS" starttime="20210614 01:31:38.199" endtime="20210614 01:31:38.205"/>
</kw>
<status status="PASS" starttime="20210614 01:31:31.911" endtime="20210614 01:31:38.206"/>
</kw>
<kw name="Cerrar navegador">
<kw name="Sleep" library="BuiltIn">
<arg>1s</arg>
<doc>Pauses the test executed for the given time.</doc>
<msg timestamp="20210614 01:31:39.208" level="INFO">Slept 1 second</msg>
<status status="PASS" starttime="20210614 01:31:38.207" endtime="20210614 01:31:39.208"/>
</kw>
<kw name="Close Browser" library="SeleniumLibrary">
<doc>Closes the current browser.</doc>
<status status="PASS" starttime="20210614 01:31:39.209" endtime="20210614 01:31:39.604"/>
</kw>
<status status="PASS" starttime="20210614 01:31:38.206" endtime="20210614 01:31:39.605"/>
</kw>
<status status="PASS" starttime="20210614 01:31:26.516" endtime="20210614 01:31:39.606"/>
</test>
<test id="s1-t7" name="TR2_2">
<kw name="Open Browser" library="SeleniumLibrary">
<arg>${pagina}</arg>
<arg>${browser}</arg>
<doc>Opens a new browser instance to the optional ``url``.</doc>
<msg timestamp="20210614 01:31:39.610" level="INFO">Opening browser 'headlessfirefox' to base url 'http://localhost/'.</msg>
<msg timestamp="20210614 01:31:39.611" level="INFO">Firefox driver log is always forced to to: /home/asegovia/Documentos/Alan-Facultad/Isoft/TP1-Zhooter/repo/htdocs/test/geckodriver-1.log</msg>
<status status="PASS" starttime="20210614 01:31:39.609" endtime="20210614 01:31:42.768"/>
</kw>
<kw name="Execute Javascript" library="SeleniumLibrary">
<var>${page}</var>
<arg>return window.location.href</arg>
<doc>Executes the given JavaScript code with possible arguments.</doc>
<msg timestamp="20210614 01:31:42.772" level="INFO">Executing JavaScript:
return window.location.href
Without any arguments.</msg>
<msg timestamp="20210614 01:31:42.793" level="INFO">${page} = http://localhost/</msg>
<status status="PASS" starttime="20210614 01:31:42.770" endtime="20210614 01:31:42.793"/>
</kw>
<kw name="Should Be Equal As Strings" library="BuiltIn">
<arg>${page}</arg>
<arg>http://localhost/</arg>
<doc>Fails if objects are unequal after converting them to strings.</doc>
<status status="PASS" starttime="20210614 01:31:42.793" endtime="20210614 01:31:42.794"/>
</kw>
<kw name="Click Element" library="SeleniumLibrary">
<arg>class:button</arg>
<doc>Click the element identified by ``locator``.</doc>
<msg timestamp="20210614 01:31:42.794" level="INFO">Clicking element 'class:button'.</msg>
<status status="PASS" starttime="20210614 01:31:42.794" endtime="20210614 01:31:42.911"/>
</kw>
<kw name="Sleep" library="BuiltIn">
<arg>1s</arg>
<doc>Pauses the test executed for the given time.</doc>
<msg timestamp="20210614 01:31:43.912" level="INFO">Slept 1 second</msg>
<status status="PASS" starttime="20210614 01:31:42.911" endtime="20210614 01:31:43.912"/>
</kw>
<kw name="Execute Javascript" library="SeleniumLibrary">
<var>${page}</var>
<arg>return window.location.href</arg>
<doc>Executes the given JavaScript code with possible arguments.</doc>
<msg timestamp="20210614 01:31:43.915" level="INFO">Executing JavaScript:
return window.location.href
Without any arguments.</msg>
<msg timestamp="20210614 01:31:43.932" level="INFO">${page} = http://localhost/select.php</msg>
<status status="PASS" starttime="20210614 01:31:43.913" endtime="20210614 01:31:43.933"/>
</kw>
<kw name="Should Be Equal As Strings" library="BuiltIn">
<arg>${page}</arg>
<arg>http://localhost/select.php</arg>
<doc>Fails if objects are unequal after converting them to strings.</doc>
<status status="PASS" starttime="20210614 01:31:43.933" endtime="20210614 01:31:43.934"/>
</kw>
<kw name="Cerrar navegador">
<kw name="Sleep" library="BuiltIn">
<arg>1s</arg>
<doc>Pauses the test executed for the given time.</doc>
<msg timestamp="20210614 01:31:44.937" level="INFO">Slept 1 second</msg>
<status status="PASS" starttime="20210614 01:31:43.936" endtime="20210614 01:31:44.937"/>
</kw>
<kw name="Close Browser" library="SeleniumLibrary">
<doc>Closes the current browser.</doc>
<status status="PASS" starttime="20210614 01:31:44.938" endtime="20210614 01:31:45.331"/>
</kw>
<status status="PASS" starttime="20210614 01:31:43.935" endtime="20210614 01:31:45.331"/>
</kw>
<status status="PASS" starttime="20210614 01:31:39.607" endtime="20210614 01:31:45.332"/>
</test>
<test id="s1-t8" name="TR2_3">
<kw name="Open Browser" library="SeleniumLibrary">
<arg>${pagina}</arg>
<arg>${browser}</arg>
<doc>Opens a new browser instance to the optional ``url``.</doc>
<msg timestamp="20210614 01:31:45.337" level="INFO">Opening browser 'headlessfirefox' to base url 'http://localhost/'.</msg>
<msg timestamp="20210614 01:31:45.337" level="INFO">Firefox driver log is always forced to to: /home/asegovia/Documentos/Alan-Facultad/Isoft/TP1-Zhooter/repo/htdocs/test/geckodriver-2.log</msg>
<status status="PASS" starttime="20210614 01:31:45.335" endtime="20210614 01:31:48.498"/>
</kw>
<kw name="Click Element" library="SeleniumLibrary">
<arg>class:button</arg>
<doc>Click the element identified by ``locator``.</doc>
<msg timestamp="20210614 01:31:48.500" level="INFO">Clicking element 'class:button'.</msg>
<status status="PASS" starttime="20210614 01:31:48.499" endtime="20210614 01:31:48.642"/>
</kw>
<kw name="Sleep" library="BuiltIn">
<arg>1s</arg>
<doc>Pauses the test executed for the given time.</doc>
<msg timestamp="20210614 01:31:49.643" level="INFO">Slept 1 second</msg>
<status status="PASS" starttime="20210614 01:31:48.642" endtime="20210614 01:31:49.643"/>
</kw>
<kw name="Execute Javascript" library="SeleniumLibrary">
<var>${page}</var>
<arg>return window.location.href</arg>
<doc>Executes the given JavaScript code with possible arguments.</doc>
<msg timestamp="20210614 01:31:49.646" level="INFO">Executing JavaScript:
return window.location.href
Without any arguments.</msg>
<msg timestamp="20210614 01:31:49.661" level="INFO">${page} = http://localhost/select.php</msg>
<status status="PASS" starttime="20210614 01:31:49.644" endtime="20210614 01:31:49.661"/>
</kw>
<kw name="Should Be Equal As Strings" library="BuiltIn">
<arg>${page}</arg>
<arg>http://localhost/select.php</arg>
<doc>Fails if objects are unequal after converting them to strings.</doc>
<status status="PASS" starttime="20210614 01:31:49.662" endtime="20210614 01:31:49.663"/>
</kw>
<kw name="Execute Javascript" library="SeleniumLibrary">
<arg>document.getElementsByClassName('character')[1].click()</arg>
<doc>Executes the given JavaScript code with possible arguments.</doc>
<msg timestamp="20210614 01:31:49.665" level="INFO">Executing JavaScript:
document.getElementsByClassName('character')[1].click()
Without any arguments.</msg>
<status status="PASS" starttime="20210614 01:31:49.663" endtime="20210614 01:31:49.685"/>
</kw>
<kw name="Sleep" library="BuiltIn">
<arg>1s</arg>
<doc>Pauses the test executed for the given time.</doc>
<msg timestamp="20210614 01:31:50.686" level="INFO">Slept 1 second</msg>
<status status="PASS" starttime="20210614 01:31:49.685" endtime="20210614 01:31:50.687"/>
</kw>
<kw name="Execute Javascript" library="SeleniumLibrary">
<var>${page}</var>
<arg>return window.location.href</arg>
<doc>Executes the given JavaScript code with possible arguments.</doc>
<msg timestamp="20210614 01:31:50.689" level="INFO">Executing JavaScript:
return window.location.href
Without any arguments.</msg>
<msg timestamp="20210614 01:31:50.702" level="INFO">${page} = http://localhost/game.php</msg>
<status status="PASS" starttime="20210614 01:31:50.687" endtime="20210614 01:31:50.702"/>
</kw>
<kw name="Should Be Equal As Strings" library="BuiltIn">
<arg>${page}</arg>
<arg>http://localhost/game.php</arg>
<doc>Fails if objects are unequal after converting them to strings.</doc>
<status status="PASS" starttime="20210614 01:31:50.703" endtime="20210614 01:31:50.705"/>
</kw>
<kw name="Execute Javascript" library="SeleniumLibrary">
<var>${character_id}</var>
<arg>return character.getId();</arg>
<doc>Executes the given JavaScript code with possible arguments.</doc>
<msg timestamp="20210614 01:31:50.708" level="INFO">Executing JavaScript:
return character.getId();
Without any arguments.</msg>
<msg timestamp="20210614 01:31:50.719" level="INFO">${character_id} = 2</msg>
<status status="PASS" starttime="20210614 01:31:50.706" endtime="20210614 01:31:50.719"/>
</kw>
<kw name="Should Be Equal As Strings" library="BuiltIn">
<arg>${character_id}</arg>
<arg>2</arg>
<doc>Fails if objects are unequal after converting them to strings.</doc>
<status status="PASS" starttime="20210614 01:31:50.719" endtime="20210614 01:31:50.720"/>
</kw>
<kw name="Cerrar navegador">
<kw name="Sleep" library="BuiltIn">
<arg>1s</arg>
<doc>Pauses the test executed for the given time.</doc>
<msg timestamp="20210614 01:31:51.722" level="INFO">Slept 1 second</msg>
<status status="PASS" starttime="20210614 01:31:50.722" endtime="20210614 01:31:51.722"/>
</kw>
<kw name="Close Browser" library="SeleniumLibrary">
<doc>Closes the current browser.</doc>
<status status="PASS" starttime="20210614 01:31:51.722" endtime="20210614 01:31:52.089"/>
</kw>
<status status="PASS" starttime="20210614 01:31:50.721" endtime="20210614 01:31:52.089"/>
</kw>
<status status="PASS" starttime="20210614 01:31:45.334" endtime="20210614 01:31:52.089"/>
</test>
<test id="s1-t9" name="TR2_4">
<kw name="Ejecutar juego">
<kw name="Open Browser" library="SeleniumLibrary">
<arg>${pagina}</arg>
<arg>${browser}</arg>
<arg>service_log_path=${{os.path.devnull}}</arg>
<doc>Opens a new browser instance to the optional ``url``.</doc>
<msg timestamp="20210614 01:31:52.092" level="INFO">Opening browser 'headlessfirefox' to base url 'http://localhost/'.</msg>
<msg timestamp="20210614 01:31:52.092" level="INFO">Browser driver log file created to: /dev/null</msg>
<status status="PASS" starttime="20210614 01:31:52.091" endtime="20210614 01:31:55.113"/>
</kw>
<kw name="Click Element" library="SeleniumLibrary">
<arg>class:button</arg>
<doc>Click the element identified by ``locator``.</doc>
<msg timestamp="20210614 01:31:55.116" level="INFO">Clicking element 'class:button'.</msg>
<status status="PASS" starttime="20210614 01:31:55.114" endtime="20210614 01:31:55.256"/>
</kw>
<kw name="Sleep" library="BuiltIn">
<arg>1s</arg>
<doc>Pauses the test executed for the given time.</doc>
<msg timestamp="20210614 01:31:56.257" level="INFO">Slept 1 second</msg>
<status status="PASS" starttime="20210614 01:31:55.257" endtime="20210614 01:31:56.258"/>
</kw>
<kw name="Execute Javascript" library="SeleniumLibrary">
<arg>document.getElementsByClassName('character')[0].click()</arg>
<doc>Executes the given JavaScript code with possible arguments.</doc>
<msg timestamp="20210614 01:31:56.260" level="INFO">Executing JavaScript:
document.getElementsByClassName('character')[0].click()
Without any arguments.</msg>
<status status="PASS" starttime="20210614 01:31:56.258" endtime="20210614 01:31:56.291"/>
</kw>
<kw name="Sleep" library="BuiltIn">
<arg>1s</arg>
<doc>Pauses the test executed for the given time.</doc>
<msg timestamp="20210614 01:31:57.293" level="INFO">Slept 1 second</msg>
<status status="PASS" starttime="20210614 01:31:56.292" endtime="20210614 01:31:57.294"/>
</kw>
<status status="PASS" starttime="20210614 01:31:52.090" endtime="20210614 01:31:57.294"/>
</kw>
<kw name="Mover characterW">
<kw name="Press Keys" library="SeleniumLibrary">
<arg>none</arg>
<arg>W</arg>
<doc>Simulates the user pressing key(s) to an element or on the active browser.</doc>
<msg timestamp="20210614 01:31:57.297" level="INFO">Sending key(s) ('W',) to page.</msg>
<msg timestamp="20210614 01:31:57.298" level="INFO">Sending key W</msg>
<status status="PASS" starttime="20210614 01:31:57.296" endtime="20210614 01:31:57.335"/>
</kw>
<status status="PASS" starttime="20210614 01:31:57.295" endtime="20210614 01:31:57.336"/>
</kw>
<kw name="Press Keys" library="SeleniumLibrary">
<arg>none</arg>
<arg>ARROW_DOWN</arg>
<doc>Simulates the user pressing key(s) to an element or on the active browser.</doc>
<msg timestamp="20210614 01:31:57.336" level="INFO">Sending key(s) ('ARROW_DOWN',) to page.</msg>
<msg timestamp="20210614 01:31:57.337" level="INFO">Pressing special key ARROW_DOWN to browser.</msg>
<msg timestamp="20210614 01:31:57.337" level="INFO">Releasing special key ARROW_DOWN.</msg>
<status status="PASS" starttime="20210614 01:31:57.336" endtime="20210614 01:31:57.345"/>
</kw>
<kw name="Execute Javascript" library="SeleniumLibrary">
<var>${message}</var>
<arg>return document.getElementById('stats').toString()</arg>
<doc>Executes the given JavaScript code with possible arguments.</doc>
<msg timestamp="20210614 01:31:57.346" level="INFO">Executing JavaScript:
return document.getElementById('stats').toString()
Without any arguments.</msg>
<msg timestamp="20210614 01:31:57.350" level="INFO">${message} = [object HTMLElement]</msg>
<status status="PASS" starttime="20210614 01:31:57.345" endtime="20210614 01:31:57.350"/>
</kw>
<kw name="Should Not Be Equal As Strings" library="BuiltIn">
<arg>${message}</arg>
<arg>None</arg>
<doc>Fails if objects are equal after converting them to strings.</doc>
<status status="PASS" starttime="20210614 01:31:57.351" endtime="20210614 01:31:57.351"/>
</kw>
<kw name="Cerrar navegador">
<kw name="Sleep" library="BuiltIn">
<arg>1s</arg>
<doc>Pauses the test executed for the given time.</doc>
<msg timestamp="20210614 01:31:58.352" level="INFO">Slept 1 second</msg>
<status status="PASS" starttime="20210614 01:31:57.351" endtime="20210614 01:31:58.352"/>
</kw>
<kw name="Close Browser" library="SeleniumLibrary">
<doc>Closes the current browser.</doc>
<status status="PASS" starttime="20210614 01:31:58.353" endtime="20210614 01:31:58.799"/>
</kw>
<status status="PASS" starttime="20210614 01:31:57.351" endtime="20210614 01:31:58.799"/>
</kw>
<status status="PASS" starttime="20210614 01:31:52.090" endtime="20210614 01:31:58.799"/>
</test>
<test id="s1-t10" name="TR2_5">
<kw name="Ejecutar juego">
<kw name="Open Browser" library="SeleniumLibrary">
<arg>${pagina}</arg>
<arg>${browser}</arg>
<arg>service_log_path=${{os.path.devnull}}</arg>
<doc>Opens a new browser instance to the optional ``url``.</doc>
<msg timestamp="20210614 01:31:58.800" level="INFO">Opening browser 'headlessfirefox' to base url 'http://localhost/'.</msg>
<msg timestamp="20210614 01:31:58.800" level="INFO">Browser driver log file created to: /dev/null</msg>
<status status="PASS" starttime="20210614 01:31:58.800" endtime="20210614 01:32:01.832"/>
</kw>
<kw name="Click Element" library="SeleniumLibrary">
<arg>class:button</arg>
<doc>Click the element identified by ``locator``.</doc>
<msg timestamp="20210614 01:32:01.835" level="INFO">Clicking element 'class:button'.</msg>
<status status="PASS" starttime="20210614 01:32:01.833" endtime="20210614 01:32:01.967"/>
</kw>
<kw name="Sleep" library="BuiltIn">
<arg>1s</arg>
<doc>Pauses the test executed for the given time.</doc>
<msg timestamp="20210614 01:32:02.967" level="INFO">Slept 1 second</msg>
<status status="PASS" starttime="20210614 01:32:01.967" endtime="20210614 01:32:02.968"/>
</kw>
<kw name="Execute Javascript" library="SeleniumLibrary">
<arg>document.getElementsByClassName('character')[0].click()</arg>
<doc>Executes the given JavaScript code with possible arguments.</doc>
<msg timestamp="20210614 01:32:02.970" level="INFO">Executing JavaScript:
document.getElementsByClassName('character')[0].click()
Without any arguments.</msg>
<status status="PASS" starttime="20210614 01:32:02.968" endtime="20210614 01:32:02.993"/>
</kw>
<kw name="Sleep" library="BuiltIn">
<arg>1s</arg>
<doc>Pauses the test executed for the given time.</doc>
<msg timestamp="20210614 01:32:03.994" level="INFO">Slept 1 second</msg>
<status status="PASS" starttime="20210614 01:32:02.993" endtime="20210614 01:32:03.995"/>
</kw>
<status status="PASS" starttime="20210614 01:31:58.800" endtime="20210614 01:32:03.995"/>
</kw>
<kw name="Pasar de nivel">
<kw name="Execute Javascript" library="SeleniumLibrary">
<arg>for (var i = enemys.length - 1; i &gt;= 0; i--) {enemys[i].setHealt(0);}</arg>
<doc>Executes the given JavaScript code with possible arguments.</doc>
<msg timestamp="20210614 01:32:04.000" level="INFO">Executing JavaScript:
for (var i = enemys.length - 1; i &gt;= 0; i--) {enemys[i].setHealt(0);}
Without any arguments.</msg>
<status status="PASS" starttime="20210614 01:32:03.998" endtime="20210614 01:32:04.014"/>
</kw>
<status status="PASS" starttime="20210614 01:32:03.996" endtime="20210614 01:32:04.015"/>
</kw>
<kw name="Comprar mejoras">
<kw name="Sleep" library="BuiltIn">
<arg>1s</arg>
<doc>Pauses the test executed for the given time.</doc>
<msg timestamp="20210614 01:32:05.019" level="INFO">Slept 1 second</msg>
<status status="PASS" starttime="20210614 01:32:04.018" endtime="20210614 01:32:05.019"/>
</kw>
<kw name="Click Element" library="SeleniumLibrary">
<arg>id:b3</arg>
<doc>Click the element identified by ``locator``.</doc>
<msg timestamp="20210614 01:32:05.020" level="INFO">Clicking element 'id:b3'.</msg>
<status status="PASS" starttime="20210614 01:32:05.019" endtime="20210614 01:32:05.092"/>
</kw>
<kw name="Title Should Be" library="SeleniumLibrary">
<arg>Zhooter</arg>
<doc>Verifies that the current page title equals ``title``.</doc>
<msg timestamp="20210614 01:32:05.101" level="INFO">Page title is 'Zhooter'.</msg>
<status status="PASS" starttime="20210614 01:32:05.092" endtime="20210614 01:32:05.101"/>
</kw>
<kw name="Execute Javascript" library="SeleniumLibrary">
<var>${weakness}</var>
<arg>return (window.sessionStorage.getItem('Weakness'));</arg>
<doc>Executes the given JavaScript code with possible arguments.</doc>
<msg timestamp="20210614 01:32:05.102" level="INFO">Executing JavaScript:
return (window.sessionStorage.getItem('Weakness'));
Without any arguments.</msg>
<msg timestamp="20210614 01:32:05.108" level="INFO">${weakness} = 2</msg>
<status status="PASS" starttime="20210614 01:32:05.101" endtime="20210614 01:32:05.108"/>
</kw>
<kw name="Should Not Be Equal" library="BuiltIn">
<arg>${weakness}</arg>
<arg>0</arg>
<doc>Fails if the given objects are equal.</doc>
<status status="PASS" starttime="20210614 01:32:05.108" endtime="20210614 01:32:05.109"/>
</kw>
<kw name="Pasar de nivel">
<kw name="Execute Javascript" library="SeleniumLibrary">
<arg>for (var i = enemys.length - 1; i &gt;= 0; i--) {enemys[i].setHealt(0);}</arg>
<doc>Executes the given JavaScript code with possible arguments.</doc>
<msg timestamp="20210614 01:32:05.109" level="INFO">Executing JavaScript:
for (var i = enemys.length - 1; i &gt;= 0; i--) {enemys[i].setHealt(0);}
Without any arguments.</msg>
<status status="PASS" starttime="20210614 01:32:05.109" endtime="20210614 01:32:05.118"/>
</kw>
<status status="PASS" starttime="20210614 01:32:05.109" endtime="20210614 01:32:05.118"/>
</kw>
<kw name="Sleep" library="BuiltIn">
<arg>1s</arg>
<doc>Pauses the test executed for the given time.</doc>
<msg timestamp="20210614 01:32:06.119" level="INFO">Slept 1 second</msg>
<status status="PASS" starttime="20210614 01:32:05.118" endtime="20210614 01:32:06.119"/>
</kw>
<kw name="Click Element" library="SeleniumLibrary">
<arg>id:b2</arg>
<doc>Click the element identified by ``locator``.</doc>
<msg timestamp="20210614 01:32:06.120" level="INFO">Clicking element 'id:b2'.</msg>
<status status="PASS" starttime="20210614 01:32:06.120" endtime="20210614 01:32:06.213"/>
</kw>
<kw name="Title Should Be" library="SeleniumLibrary">
<arg>Zhooter</arg>
<doc>Verifies that the current page title equals ``title``.</doc>
<msg timestamp="20210614 01:32:06.224" level="INFO">Page title is 'Zhooter'.</msg>
<status status="PASS" starttime="20210614 01:32:06.213" endtime="20210614 01:32:06.224"/>
</kw>
<kw name="Execute Javascript" library="SeleniumLibrary">
<var>${premiumGun}</var>
<arg>return (window.sessionStorage.getItem('premiumGun'));</arg>
<doc>Executes the given JavaScript code with possible arguments.</doc>
<msg timestamp="20210614 01:32:06.225" level="INFO">Executing JavaScript:
return (window.sessionStorage.getItem('premiumGun'));
Without any arguments.</msg>
<msg timestamp="20210614 01:32:06.229" level="INFO">${premiumGun} = 1</msg>
<status status="PASS" starttime="20210614 01:32:06.224" endtime="20210614 01:32:06.229"/>
</kw>
<kw name="Should Not Be Equal" library="BuiltIn">
<arg>${premiumGun}</arg>
<arg>0</arg>
<doc>Fails if the given objects are equal.</doc>
<status status="PASS" starttime="20210614 01:32:06.229" endtime="20210614 01:32:06.230"/>
</kw>
<kw name="Pasar de nivel">
<kw name="Execute Javascript" library="SeleniumLibrary">
<arg>for (var i = enemys.length - 1; i &gt;= 0; i--) {enemys[i].setHealt(0);}</arg>
<doc>Executes the given JavaScript code with possible arguments.</doc>
<msg timestamp="20210614 01:32:06.230" level="INFO">Executing JavaScript:
for (var i = enemys.length - 1; i &gt;= 0; i--) {enemys[i].setHealt(0);}
Without any arguments.</msg>
<status status="PASS" starttime="20210614 01:32:06.230" endtime="20210614 01:32:06.237"/>
</kw>
<status status="PASS" starttime="20210614 01:32:06.230" endtime="20210614 01:32:06.237"/>
</kw>
<kw name="Sleep" library="BuiltIn">
<arg>1s</arg>
<doc>Pauses the test executed for the given time.</doc>
<msg timestamp="20210614 01:32:07.238" level="INFO">Slept 1 second</msg>
<status status="PASS" starttime="20210614 01:32:06.237" endtime="20210614 01:32:07.238"/>
</kw>
<kw name="Click Element" library="SeleniumLibrary">
<arg>id:b1</arg>
<doc>Click the element identified by ``locator``.</doc>
<msg timestamp="20210614 01:32:07.240" level="INFO">Clicking element 'id:b1'.</msg>
<status status="PASS" starttime="20210614 01:32:07.239" endtime="20210614 01:32:07.322"/>
</kw>
<kw name="Title Should Be" library="SeleniumLibrary">
<arg>Zhooter</arg>
<doc>Verifies that the current page title equals ``title``.</doc>
<msg timestamp="20210614 01:32:07.330" level="INFO">Page title is 'Zhooter'.</msg>
<status status="PASS" starttime="20210614 01:32:07.322" endtime="20210614 01:32:07.330"/>
</kw>
<kw name="Execute Javascript" library="SeleniumLibrary">
<var>${extraHealth}</var>
<arg>return (window.sessionStorage.getItem('extraHealth'));</arg>
<doc>Executes the given JavaScript code with possible arguments.</doc>
<msg timestamp="20210614 01:32:07.331" level="INFO">Executing JavaScript:
return (window.sessionStorage.getItem('extraHealth'));
Without any arguments.</msg>
<msg timestamp="20210614 01:32:07.335" level="INFO">${extraHealth} = 10</msg>
<status status="PASS" starttime="20210614 01:32:07.331" endtime="20210614 01:32:07.335"/>
</kw>
<kw name="Should Not Be Equal" library="BuiltIn">
<arg>${extraHealth}</arg>
<arg>0</arg>
<doc>Fails if the given objects are equal.</doc>
<status status="PASS" starttime="20210614 01:32:07.336" endtime="20210614 01:32:07.336"/>
</kw>
<kw name="Pasar de nivel">
<kw name="Execute Javascript" library="SeleniumLibrary">
<arg>for (var i = enemys.length - 1; i &gt;= 0; i--) {enemys[i].setHealt(0);}</arg>
<doc>Executes the given JavaScript code with possible arguments.</doc>
<msg timestamp="20210614 01:32:07.337" level="INFO">Executing JavaScript:
for (var i = enemys.length - 1; i &gt;= 0; i--) {enemys[i].setHealt(0);}
Without any arguments.</msg>
<status status="PASS" starttime="20210614 01:32:07.336" endtime="20210614 01:32:07.343"/>
</kw>
<status status="PASS" starttime="20210614 01:32:07.336" endtime="20210614 01:32:07.343"/>
</kw>
<status status="PASS" starttime="20210614 01:32:04.016" endtime="20210614 01:32:07.343"/>
</kw>
<kw name="Cerrar navegador">
<kw name="Sleep" library="BuiltIn">
<arg>1s</arg>
<doc>Pauses the test executed for the given time.</doc>
<msg timestamp="20210614 01:32:08.344" level="INFO">Slept 1 second</msg>
<status status="PASS" starttime="20210614 01:32:07.343" endtime="20210614 01:32:08.344"/>
</kw>
<kw name="Close Browser" library="SeleniumLibrary">
<doc>Closes the current browser.</doc>
<status status="PASS" starttime="20210614 01:32:08.345" endtime="20210614 01:32:08.737"/>
</kw>
<status status="PASS" starttime="20210614 01:32:07.343" endtime="20210614 01:32:08.738"/>
</kw>
<status status="PASS" starttime="20210614 01:31:58.799" endtime="20210614 01:32:08.738"/>
</test>
<test id="s1-t11" name="TR2_6">
<kw name="Ejecutar juego">
<kw name="Open Browser" library="SeleniumLibrary">
<arg>${pagina}</arg>
<arg>${browser}</arg>
<arg>service_log_path=${{os.path.devnull}}</arg>
<doc>Opens a new browser instance to the optional ``url``.</doc>
<msg timestamp="20210614 01:32:08.746" level="INFO">Opening browser 'headlessfirefox' to base url 'http://localhost/'.</msg>
<msg timestamp="20210614 01:32:08.746" level="INFO">Browser driver log file created to: /dev/null</msg>
<status status="PASS" starttime="20210614 01:32:08.743" endtime="20210614 01:32:11.733"/>
</kw>
<kw name="Click Element" library="SeleniumLibrary">
<arg>class:button</arg>
<doc>Click the element identified by ``locator``.</doc>
<msg timestamp="20210614 01:32:11.736" level="INFO">Clicking element 'class:button'.</msg>
<status status="PASS" starttime="20210614 01:32:11.734" endtime="20210614 01:32:11.886"/>
</kw>
<kw name="Sleep" library="BuiltIn">
<arg>1s</arg>
<doc>Pauses the test executed for the given time.</doc>
<msg timestamp="20210614 01:32:12.887" level="INFO">Slept 1 second</msg>
<status status="PASS" starttime="20210614 01:32:11.886" endtime="20210614 01:32:12.887"/>
</kw>
<kw name="Execute Javascript" library="SeleniumLibrary">
<arg>document.getElementsByClassName('character')[0].click()</arg>
<doc>Executes the given JavaScript code with possible arguments.</doc>
<msg timestamp="20210614 01:32:12.890" level="INFO">Executing JavaScript:
document.getElementsByClassName('character')[0].click()
Without any arguments.</msg>
<status status="PASS" starttime="20210614 01:32:12.888" endtime="20210614 01:32:12.912"/>
</kw>
<kw name="Sleep" library="BuiltIn">
<arg>1s</arg>
<doc>Pauses the test executed for the given time.</doc>
<msg timestamp="20210614 01:32:13.913" level="INFO">Slept 1 second</msg>
<status status="PASS" starttime="20210614 01:32:12.912" endtime="20210614 01:32:13.913"/>
</kw>
<status status="PASS" starttime="20210614 01:32:08.741" endtime="20210614 01:32:13.914"/>
</kw>
<kw name="Press Keys" library="SeleniumLibrary">
<arg>none</arg>
<arg>P</arg>
<doc>Simulates the user pressing key(s) to an element or on the active browser.</doc>
<msg timestamp="20210614 01:32:13.916" level="INFO">Sending key(s) ('P',) to page.</msg>
<msg timestamp="20210614 01:32:13.916" level="INFO">Sending key P</msg>
<status status="PASS" starttime="20210614 01:32:13.915" endtime="20210614 01:32:13.957"/>
</kw>
<kw name="Sleep" library="BuiltIn">
<arg>1s</arg>
<doc>Pauses the test executed for the given time.</doc>
<msg timestamp="20210614 01:32:14.958" level="INFO">Slept 1 second</msg>
<status status="PASS" starttime="20210614 01:32:13.957" endtime="20210614 01:32:14.958"/>
</kw>
<kw name="Execute Javascript" library="SeleniumLibrary">
<arg>document.getElementsByClassName('button')[0].click()</arg>
<doc>Executes the given JavaScript code with possible arguments.</doc>
<msg timestamp="20210614 01:32:14.961" level="INFO">Executing JavaScript:
document.getElementsByClassName('button')[0].click()
Without any arguments.</msg>
<status status="PASS" starttime="20210614 01:32:14.959" endtime="20210614 01:32:14.993"/>
</kw>
<kw name="Sleep" library="BuiltIn">
<arg>1s</arg>
<doc>Pauses the test executed for the given time.</doc>
<msg timestamp="20210614 01:32:15.995" level="INFO">Slept 1 second</msg>
<status status="PASS" starttime="20210614 01:32:14.994" endtime="20210614 01:32:15.995"/>
</kw>
<kw name="Execute Javascript" library="SeleniumLibrary">
<var>${page}</var>
<arg>return window.location.href</arg>
<doc>Executes the given JavaScript code with possible arguments.</doc>
<msg timestamp="20210614 01:32:15.997" level="INFO">Executing JavaScript:
return window.location.href
Without any arguments.</msg>
<msg timestamp="20210614 01:32:16.009" level="INFO">${page} = http://localhost/game.php</msg>
<status status="PASS" starttime="20210614 01:32:15.996" endtime="20210614 01:32:16.010"/>
</kw>
<kw name="Should Be Equal As Strings" library="BuiltIn">
<arg>${page}</arg>
<arg>http://localhost/game.php</arg>
<doc>Fails if objects are unequal after converting them to strings.</doc>
<status status="PASS" starttime="20210614 01:32:16.010" endtime="20210614 01:32:16.011"/>
</kw>
<kw name="Sleep" library="BuiltIn">
<arg>1s</arg>
<doc>Pauses the test executed for the given time.</doc>
<msg timestamp="20210614 01:32:17.013" level="INFO">Slept 1 second</msg>
<status status="PASS" starttime="20210614 01:32:16.012" endtime="20210614 01:32:17.014"/>
</kw>
<kw name="Press Keys" library="SeleniumLibrary">
<arg>none</arg>
<arg>P</arg>
<doc>Simulates the user pressing key(s) to an element or on the active browser.</doc>
<msg timestamp="20210614 01:32:17.016" level="INFO">Sending key(s) ('P',) to page.</msg>
<msg timestamp="20210614 01:32:17.016" level="INFO">Sending key P</msg>
<status status="PASS" starttime="20210614 01:32:17.014" endtime="20210614 01:32:17.049"/>
</kw>
<kw name="Sleep" library="BuiltIn">
<arg>1s</arg>
<doc>Pauses the test executed for the given time.</doc>
<msg timestamp="20210614 01:32:18.052" level="INFO">Slept 1 second</msg>
<status status="PASS" starttime="20210614 01:32:17.051" endtime="20210614 01:32:18.052"/>
</kw>
<kw name="Execute Javascript" library="SeleniumLibrary">
<arg>document.getElementsByClassName('button')[1].click()</arg>
<doc>Executes the given JavaScript code with possible arguments.</doc>
<msg timestamp="20210614 01:32:18.055" level="INFO">Executing JavaScript:
document.getElementsByClassName('button')[1].click()
Without any arguments.</msg>
<status status="PASS" starttime="20210614 01:32:18.053" endtime="20210614 01:32:18.076"/>
</kw>
<kw name="Sleep" library="BuiltIn">
<arg>1s</arg>
<doc>Pauses the test executed for the given time.</doc>
<msg timestamp="20210614 01:32:19.078" level="INFO">Slept 1 second</msg>
<status status="PASS" starttime="20210614 01:32:18.077" endtime="20210614 01:32:19.079"/>
</kw>
<kw name="Execute Javascript" library="SeleniumLibrary">
<var>${page}</var>
<arg>return window.location.href</arg>
<doc>Executes the given JavaScript code with possible arguments.</doc>
<msg timestamp="20210614 01:32:19.081" level="INFO">Executing JavaScript:
return window.location.href
Without any arguments.</msg>
<msg timestamp="20210614 01:32:19.092" level="INFO">${page} = http://localhost/estadisticas.php</msg>
<status status="PASS" starttime="20210614 01:32:19.079" endtime="20210614 01:32:19.092"/>
</kw>
<kw name="Should Be Equal As Strings" library="BuiltIn">
<arg>${page}</arg>
<arg>http://localhost/estadisticas.php</arg>
<doc>Fails if objects are unequal after converting them to strings.</doc>
<status status="PASS" starttime="20210614 01:32:19.092" endtime="20210614 01:32:19.093"/>
</kw>
<kw name="Sleep" library="BuiltIn">
<arg>1s</arg>
<doc>Pauses the test executed for the given time.</doc>
<msg timestamp="20210614 01:32:20.094" level="INFO">Slept 1 second</msg>
<status status="PASS" starttime="20210614 01:32:19.093" endtime="20210614 01:32:20.094"/>
</kw>
<kw name="Click Element" library="SeleniumLibrary">
<arg>id:bVolver</arg>
<doc>Click the element identified by ``locator``.</doc>
<msg timestamp="20210614 01:32:20.096" level="INFO">Clicking element 'id:bVolver'.</msg>
<status status="PASS" starttime="20210614 01:32:20.095" endtime="20210614 01:32:20.175"/>
</kw>
<kw name="Sleep" library="BuiltIn">
<arg>1s</arg>
<doc>Pauses the test executed for the given time.</doc>
<msg timestamp="20210614 01:32:21.176" level="INFO">Slept 1 second</msg>
<status status="PASS" starttime="20210614 01:32:20.175" endtime="20210614 01:32:21.176"/>
</kw>
<kw name="Execute Javascript" library="SeleniumLibrary">
<arg>document.getElementsByClassName('button')[2].click()</arg>
<doc>Executes the given JavaScript code with possible arguments.</doc>
<msg timestamp="20210614 01:32:21.179" level="INFO">Executing JavaScript:
document.getElementsByClassName('button')[2].click()
Without any arguments.</msg>
<status status="PASS" starttime="20210614 01:32:21.177" endtime="20210614 01:32:21.203"/>
</kw>
<kw name="Sleep" library="BuiltIn">
<arg>1s</arg>
<doc>Pauses the test executed for the given time.</doc>
<msg timestamp="20210614 01:32:22.205" level="INFO">Slept 1 second</msg>
<status status="PASS" starttime="20210614 01:32:21.203" endtime="20210614 01:32:22.205"/>
</kw>
<kw name="Execute Javascript" library="SeleniumLibrary">
<var>${page}</var>
<arg>return window.location.href</arg>
<doc>Executes the given JavaScript code with possible arguments.</doc>
<msg timestamp="20210614 01:32:22.207" level="INFO">Executing JavaScript:
return window.location.href
Without any arguments.</msg>
<msg timestamp="20210614 01:32:22.218" level="INFO">${page} = http://localhost/index.php</msg>
<status status="PASS" starttime="20210614 01:32:22.206" endtime="20210614 01:32:22.218"/>
</kw>
<kw name="Should Be Equal As Strings" library="BuiltIn">
<arg>${page}</arg>
<arg>http://localhost/index.php</arg>
<doc>Fails if objects are unequal after converting them to strings.</doc>
<status status="PASS" starttime="20210614 01:32:22.219" endtime="20210614 01:32:22.220"/>
</kw>
<kw name="Sleep" library="BuiltIn">
<arg>1s</arg>
<doc>Pauses the test executed for the given time.</doc>
<msg timestamp="20210614 01:32:23.222" level="INFO">Slept 1 second</msg>
<status status="PASS" starttime="20210614 01:32:22.221" endtime="20210614 01:32:23.222"/>
</kw>
<kw name="Cerrar navegador">
<kw name="Sleep" library="BuiltIn">
<arg>1s</arg>
<doc>Pauses the test executed for the given time.</doc>
<msg timestamp="20210614 01:32:24.226" level="INFO">Slept 1 second</msg>
<status status="PASS" starttime="20210614 01:32:23.224" endtime="20210614 01:32:24.226"/>
</kw>
<kw name="Close Browser" library="SeleniumLibrary">
<doc>Closes the current browser.</doc>
<status status="PASS" starttime="20210614 01:32:24.227" endtime="20210614 01:32:24.626"/>
</kw>
<status status="PASS" starttime="20210614 01:32:23.223" endtime="20210614 01:32:24.627"/>
</kw>
<status status="PASS" starttime="20210614 01:32:08.740" endtime="20210614 01:32:24.628"/>
</test>
<test id="s1-t12" name="TR2_7">
<kw name="Ejecutar juego">
<kw name="Open Browser" library="SeleniumLibrary">
<arg>${pagina}</arg>
<arg>${browser}</arg>
<arg>service_log_path=${{os.path.devnull}}</arg>
<doc>Opens a new browser instance to the optional ``url``.</doc>
<msg timestamp="20210614 01:32:24.635" level="INFO">Opening browser 'headlessfirefox' to base url 'http://localhost/'.</msg>
<msg timestamp="20210614 01:32:24.635" level="INFO">Browser driver log file created to: /dev/null</msg>
<status status="PASS" starttime="20210614 01:32:24.632" endtime="20210614 01:32:27.642"/>
</kw>
<kw name="Click Element" library="SeleniumLibrary">
<arg>class:button</arg>
<doc>Click the element identified by ``locator``.</doc>
<msg timestamp="20210614 01:32:27.644" level="INFO">Clicking element 'class:button'.</msg>
<status status="PASS" starttime="20210614 01:32:27.643" endtime="20210614 01:32:27.793"/>
</kw>
<kw name="Sleep" library="BuiltIn">
<arg>1s</arg>
<doc>Pauses the test executed for the given time.</doc>
<msg timestamp="20210614 01:32:28.794" level="INFO">Slept 1 second</msg>
<status status="PASS" starttime="20210614 01:32:27.794" endtime="20210614 01:32:28.795"/>
</kw>
<kw name="Execute Javascript" library="SeleniumLibrary">
<arg>document.getElementsByClassName('character')[0].click()</arg>
<doc>Executes the given JavaScript code with possible arguments.</doc>
<msg timestamp="20210614 01:32:28.797" level="INFO">Executing JavaScript:
document.getElementsByClassName('character')[0].click()
Without any arguments.</msg>
<status status="PASS" starttime="20210614 01:32:28.795" endtime="20210614 01:32:28.820"/>
</kw>
<kw name="Sleep" library="BuiltIn">
<arg>1s</arg>
<doc>Pauses the test executed for the given time.</doc>
<msg timestamp="20210614 01:32:29.822" level="INFO">Slept 1 second</msg>
<status status="PASS" starttime="20210614 01:32:28.821" endtime="20210614 01:32:29.822"/>
</kw>
<status status="PASS" starttime="20210614 01:32:24.631" endtime="20210614 01:32:29.823"/>
</kw>
<kw name="Estadisticas">
<kw name="Press Keys" library="SeleniumLibrary">
<arg>none</arg>
<arg>P</arg>
<doc>Simulates the user pressing key(s) to an element or on the active browser.</doc>
<msg timestamp="20210614 01:32:29.826" level="INFO">Sending key(s) ('P',) to page.</msg>
<msg timestamp="20210614 01:32:29.827" level="INFO">Sending key P</msg>
<status status="PASS" starttime="20210614 01:32:29.825" endtime="20210614 01:32:29.871"/>
</kw>
<kw name="Sleep" library="BuiltIn">
<arg>1s</arg>
<doc>Pauses the test executed for the given time.</doc>
<msg timestamp="20210614 01:32:30.873" level="INFO">Slept 1 second</msg>
<status status="PASS" starttime="20210614 01:32:29.871" endtime="20210614 01:32:30.873"/>
</kw>
<kw name="Execute Javascript" library="SeleniumLibrary">
<arg>window.sessionStorage.setItem("level", 5);</arg>
<doc>Executes the given JavaScript code with possible arguments.</doc>
<msg timestamp="20210614 01:32:30.875" level="INFO">Executing JavaScript:
window.sessionStorage.setItem("level", 5);
Without any arguments.</msg>
<status status="PASS" starttime="20210614 01:32:30.873" endtime="20210614 01:32:30.886"/>
</kw>
<kw name="Execute Javascript" library="SeleniumLibrary">
<arg>window.sessionStorage.setItem("health", 5);</arg>
<doc>Executes the given JavaScript code with possible arguments.</doc>
<msg timestamp="20210614 01:32:30.888" level="INFO">Executing JavaScript:
window.sessionStorage.setItem("health", 5);
Without any arguments.</msg>
<status status="PASS" starttime="20210614 01:32:30.887" endtime="20210614 01:32:30.900"/>
</kw>
<kw name="Execute Javascript" library="SeleniumLibrary">
<arg>window.sessionStorage.setItem("killedEnemies", 5);</arg>
<doc>Executes the given JavaScript code with possible arguments.</doc>
<msg timestamp="20210614 01:32:30.902" level="INFO">Executing JavaScript:
window.sessionStorage.setItem("killedEnemies", 5);
Without any arguments.</msg>
<status status="PASS" starttime="20210614 01:32:30.900" endtime="20210614 01:32:30.964"/>
</kw>
<kw name="Execute Javascript" library="SeleniumLibrary">
<arg>window.sessionStorage.setItem("gun", 'ak');</arg>
<doc>Executes the given JavaScript code with possible arguments.</doc>
<msg timestamp="20210614 01:32:30.966" level="INFO">Executing JavaScript:
window.sessionStorage.setItem("gun", 'ak');
Without any arguments.</msg>
<status status="PASS" starttime="20210614 01:32:30.964" endtime="20210614 01:32:30.984"/>
</kw>
<kw name="Execute Javascript" library="SeleniumLibrary">
<arg>document.getElementsByClassName('button')[1].click()</arg>
<doc>Executes the given JavaScript code with possible arguments.</doc>
<msg timestamp="20210614 01:32:30.985" level="INFO">Executing JavaScript:
document.getElementsByClassName('button')[1].click()
Without any arguments.</msg>
<status status="PASS" starttime="20210614 01:32:30.984" endtime="20210614 01:32:30.996"/>
</kw>
<kw name="Sleep" library="BuiltIn">
<arg>1s</arg>
<doc>Pauses the test executed for the given time.</doc>
<msg timestamp="20210614 01:32:31.997" level="INFO">Slept 1 second</msg>
<status status="PASS" starttime="20210614 01:32:30.996" endtime="20210614 01:32:31.998"/>
</kw>
<kw name="Execute Javascript" library="SeleniumLibrary">
<var>${level}</var>
<arg>return (window.sessionStorage.getItem('level'));</arg>
<doc>Executes the given JavaScript code with possible arguments.</doc>
[...]
</for>
<kw name="Execute Javascript" library="SeleniumLibrary">
<var>${ammo}</var>
<arg>return character.primaryWeapon["ammo"]</arg>
<doc>Executes the given JavaScript code with possible arguments.</doc>
<msg timestamp="20210614 01:33:53.745" level="INFO">Executing JavaScript:
return character.primaryWeapon["ammo"]
Without any arguments.</msg>
<msg timestamp="20210614 01:33:53.748" level="INFO">${ammo} = 0</msg>
<status status="PASS" starttime="20210614 01:33:53.744" endtime="20210614 01:33:53.748"/>
</kw>
<kw name="Should Be Equal" library="BuiltIn">
<arg>${ammo}</arg>
<arg>${0}</arg>
<doc>Fails if the given objects are unequal.</doc>
<status status="PASS" starttime="20210614 01:33:53.748" endtime="20210614 01:33:53.749"/>
</kw>
<kw name="Sleep" library="BuiltIn">
<arg>1s</arg>
<doc>Pauses the test executed for the given time.</doc>
<msg timestamp="20210614 01:33:54.749" level="INFO">Slept 1 second</msg>
<status status="PASS" starttime="20210614 01:33:53.749" endtime="20210614 01:33:54.750"/>
</kw>
<kw name="Pasar de nivel">
<kw name="Execute Javascript" library="SeleniumLibrary">
<arg>for (var i = enemys.length - 1; i &gt;= 0; i--) {enemys[i].setHealt(0);}</arg>
<doc>Executes the given JavaScript code with possible arguments.</doc>
<msg timestamp="20210614 01:33:54.754" level="INFO">Executing JavaScript:
for (var i = enemys.length - 1; i &gt;= 0; i--) {enemys[i].setHealt(0);}
Without any arguments.</msg>
<status status="PASS" starttime="20210614 01:33:54.752" endtime="20210614 01:33:54.769"/>
</kw>
<status status="PASS" starttime="20210614 01:33:54.751" endtime="20210614 01:33:54.770"/>
</kw>
<kw name="Sleep" library="BuiltIn">
<arg>1s</arg>
<doc>Pauses the test executed for the given time.</doc>
<msg timestamp="20210614 01:33:55.773" level="INFO">Slept 1 second</msg>
<status status="PASS" starttime="20210614 01:33:54.771" endtime="20210614 01:33:55.773"/>
</kw>
<kw name="Click Element" library="SeleniumLibrary">
<arg>id:b2</arg>
<doc>Click the element identified by ``locator``.</doc>
<msg timestamp="20210614 01:33:55.775" level="INFO">Clicking element 'id:b2'.</msg>
<status status="PASS" starttime="20210614 01:33:55.774" endtime="20210614 01:33:55.882"/>
</kw>
<kw name="Frenar zombis">
<kw name="Execute Javascript" library="SeleniumLibrary">
<arg>clearInterval(interval_attack);</arg>
<doc>Executes the given JavaScript code with possible arguments.</doc>
<msg timestamp="20210614 01:33:55.883" level="INFO">Executing JavaScript:
clearInterval(interval_attack);
Without any arguments.</msg>
<status status="PASS" starttime="20210614 01:33:55.883" endtime="20210614 01:33:55.897"/>
</kw>
<status status="PASS" starttime="20210614 01:33:55.883" endtime="20210614 01:33:55.897"/>
</kw>
<kw name="Execute Javascript" library="SeleniumLibrary">
<var>${ammo}</var>
<arg>return character.primaryWeapon["ammo"]</arg>
<doc>Executes the given JavaScript code with possible arguments.</doc>
<msg timestamp="20210614 01:33:55.898" level="INFO">Executing JavaScript:
return character.primaryWeapon["ammo"]
Without any arguments.</msg>
<msg timestamp="20210614 01:33:55.900" level="INFO">${ammo} = 20</msg>
<status status="PASS" starttime="20210614 01:33:55.897" endtime="20210614 01:33:55.900"/>
</kw>
<kw name="Should Be Equal" library="BuiltIn">
<arg>${ammo}</arg>
<arg>${20}</arg>
<doc>Fails if the given objects are unequal.</doc>
<status status="PASS" starttime="20210614 01:33:55.901" endtime="20210614 01:33:55.901"/>
</kw>
<kw name="Cerrar navegador">
<kw name="Sleep" library="BuiltIn">
<arg>1s</arg>
<doc>Pauses the test executed for the given time.</doc>
<msg timestamp="20210614 01:33:56.902" level="INFO">Slept 1 second</msg>
<status status="PASS" starttime="20210614 01:33:55.902" endtime="20210614 01:33:56.903"/>
</kw>
<kw name="Close Browser" library="SeleniumLibrary">
<doc>Closes the current browser.</doc>
<status status="PASS" starttime="20210614 01:33:56.903" endtime="20210614 01:33:57.332"/>
</kw>
<status status="PASS" starttime="20210614 01:33:55.901" endtime="20210614 01:33:57.332"/>
</kw>
<status status="PASS" starttime="20210614 01:33:48.383" endtime="20210614 01:33:57.333"/>
</test>
<test id="s1-t24" name="TI_001">
<kw name="Ejecutar juego">
<kw name="Open Browser" library="SeleniumLibrary">
<arg>${pagina}</arg>
<arg>${browser}</arg>
<arg>service_log_path=${{os.path.devnull}}</arg>
<doc>Opens a new browser instance to the optional ``url``.</doc>
<msg timestamp="20210614 01:33:57.335" level="INFO">Opening browser 'headlessfirefox' to base url 'http://localhost/'.</msg>
<msg timestamp="20210614 01:33:57.335" level="INFO">Browser driver log file created to: /dev/null</msg>
<status status="PASS" starttime="20210614 01:33:57.334" endtime="20210614 01:34:00.442"/>
</kw>
<kw name="Click Element" library="SeleniumLibrary">
<arg>class:button</arg>
<doc>Click the element identified by ``locator``.</doc>
<msg timestamp="20210614 01:34:00.444" level="INFO">Clicking element 'class:button'.</msg>
<status status="PASS" starttime="20210614 01:34:00.443" endtime="20210614 01:34:00.583"/>
</kw>
<kw name="Sleep" library="BuiltIn">
<arg>1s</arg>
<doc>Pauses the test executed for the given time.</doc>
<msg timestamp="20210614 01:34:01.584" level="INFO">Slept 1 second</msg>
<status status="PASS" starttime="20210614 01:34:00.583" endtime="20210614 01:34:01.584"/>
</kw>
<kw name="Execute Javascript" library="SeleniumLibrary">
<arg>document.getElementsByClassName('character')[0].click()</arg>
<doc>Executes the given JavaScript code with possible arguments.</doc>
<msg timestamp="20210614 01:34:01.588" level="INFO">Executing JavaScript:
document.getElementsByClassName('character')[0].click()
Without any arguments.</msg>
<status status="PASS" starttime="20210614 01:34:01.585" endtime="20210614 01:34:01.612"/>
</kw>
<kw name="Sleep" library="BuiltIn">
<arg>1s</arg>
<doc>Pauses the test executed for the given time.</doc>
<msg timestamp="20210614 01:34:02.614" level="INFO">Slept 1 second</msg>
<status status="PASS" starttime="20210614 01:34:01.613" endtime="20210614 01:34:02.614"/>
</kw>
<status status="PASS" starttime="20210614 01:33:57.334" endtime="20210614 01:34:02.615"/>
</kw>
<kw name="Execute Javascript" library="SeleniumLibrary">
<var>${character}</var>
<arg>return character.toString()</arg>
<doc>Executes the given JavaScript code with possible arguments.</doc>
<msg timestamp="20210614 01:34:02.617" level="INFO">Executing JavaScript:
return character.toString()
Without any arguments.</msg>
<msg timestamp="20210614 01:34:02.630" level="INFO">${character} = [object Object]</msg>
<status status="PASS" starttime="20210614 01:34:02.616" endtime="20210614 01:34:02.630"/>
</kw>
<kw name="Should Be Equal As Strings" library="BuiltIn">
<arg>${character}</arg>
<arg>[object Object]</arg>
<doc>Fails if objects are unequal after converting them to strings.</doc>
<status status="PASS" starttime="20210614 01:34:02.631" endtime="20210614 01:34:02.632"/>
</kw>
<kw name="Cerrar navegador">
<kw name="Sleep" library="BuiltIn">
<arg>1s</arg>
<doc>Pauses the test executed for the given time.</doc>
<msg timestamp="20210614 01:34:03.634" level="INFO">Slept 1 second</msg>
<status status="PASS" starttime="20210614 01:34:02.634" endtime="20210614 01:34:03.635"/>
</kw>
<kw name="Close Browser" library="SeleniumLibrary">
<doc>Closes the current browser.</doc>
<status status="PASS" starttime="20210614 01:34:03.635" endtime="20210614 01:34:04.002"/>
</kw>
<status status="PASS" starttime="20210614 01:34:02.633" endtime="20210614 01:34:04.002"/>
</kw>
<status status="PASS" starttime="20210614 01:33:57.333" endtime="20210614 01:34:04.003"/>
</test>
<test id="s1-t25" name="TI_002">
<kw name="Ejecutar juego">
<kw name="Open Browser" library="SeleniumLibrary">
<arg>${pagina}</arg>
<arg>${browser}</arg>
<arg>service_log_path=${{os.path.devnull}}</arg>
<doc>Opens a new browser instance to the optional ``url``.</doc>
<msg timestamp="20210614 01:34:04.007" level="INFO">Opening browser 'headlessfirefox' to base url 'http://localhost/'.</msg>
<msg timestamp="20210614 01:34:04.007" level="INFO">Browser driver log file created to: /dev/null</msg>
<status status="PASS" starttime="20210614 01:34:04.005" endtime="20210614 01:34:06.997"/>
</kw>
<kw name="Click Element" library="SeleniumLibrary">
<arg>class:button</arg>
<doc>Click the element identified by ``locator``.</doc>
<msg timestamp="20210614 01:34:07.000" level="INFO">Clicking element 'class:button'.</msg>
<status status="PASS" starttime="20210614 01:34:06.998" endtime="20210614 01:34:07.138"/>
</kw>
<kw name="Sleep" library="BuiltIn">
<arg>1s</arg>
<doc>Pauses the test executed for the given time.</doc>
<msg timestamp="20210614 01:34:08.140" level="INFO">Slept 1 second</msg>
<status status="PASS" starttime="20210614 01:34:07.138" endtime="20210614 01:34:08.140"/>
</kw>
<kw name="Execute Javascript" library="SeleniumLibrary">
<arg>document.getElementsByClassName('character')[0].click()</arg>
<doc>Executes the given JavaScript code with possible arguments.</doc>
<msg timestamp="20210614 01:34:08.142" level="INFO">Executing JavaScript:
document.getElementsByClassName('character')[0].click()
Without any arguments.</msg>
<status status="PASS" starttime="20210614 01:34:08.141" endtime="20210614 01:34:08.166"/>
</kw>
<kw name="Sleep" library="BuiltIn">
<arg>1s</arg>
<doc>Pauses the test executed for the given time.</doc>
<msg timestamp="20210614 01:34:09.168" level="INFO">Slept 1 second</msg>
<status status="PASS" starttime="20210614 01:34:08.167" endtime="20210614 01:34:09.168"/>
</kw>
<status status="PASS" starttime="20210614 01:34:04.004" endtime="20210614 01:34:09.169"/>
</kw>
<kw name="Sleep" library="BuiltIn">
<arg>15s</arg>
<doc>Pauses the test executed for the given time.</doc>
<msg timestamp="20210614 01:34:24.172" level="INFO">Slept 15 seconds</msg>
<status status="PASS" starttime="20210614 01:34:09.171" endtime="20210614 01:34:24.173"/>
</kw>
<kw name="Execute Javascript" library="SeleniumLibrary">
<var>${page}</var>
<arg>return window.location.href</arg>
<doc>Executes the given JavaScript code with possible arguments.</doc>
<msg timestamp="20210614 01:34:24.175" level="INFO">Executing JavaScript:
return window.location.href
Without any arguments.</msg>
<msg timestamp="20210614 01:34:24.183" level="INFO">${page} = http://localhost/gameOver.php</msg>
<status status="PASS" starttime="20210614 01:34:24.173" endtime="20210614 01:34:24.183"/>
</kw>
<kw name="Should Be Equal As Strings" library="BuiltIn">
<arg>${page}</arg>
<arg>http://localhost/gameOver.php</arg>
<doc>Fails if objects are unequal after converting them to strings.</doc>
<status status="PASS" starttime="20210614 01:34:24.183" endtime="20210614 01:34:24.184"/>
</kw>
<kw name="Cerrar navegador">
<kw name="Sleep" library="BuiltIn">
<arg>1s</arg>
<doc>Pauses the test executed for the given time.</doc>
<msg timestamp="20210614 01:34:25.186" level="INFO">Slept 1 second</msg>
<status status="PASS" starttime="20210614 01:34:24.185" endtime="20210614 01:34:25.187"/>
</kw>
<kw name="Close Browser" library="SeleniumLibrary">
<doc>Closes the current browser.</doc>
<status status="PASS" starttime="20210614 01:34:25.187" endtime="20210614 01:34:25.563"/>
</kw>
<status status="PASS" starttime="20210614 01:34:24.185" endtime="20210614 01:34:25.564"/>
</kw>
<status status="PASS" starttime="20210614 01:34:04.003" endtime="20210614 01:34:25.565"/>
</test>
<test id="s1-t26" name="TI_003">
<kw name="Ejecutar juego">
<kw name="Open Browser" library="SeleniumLibrary">
<arg>${pagina}</arg>
<arg>${browser}</arg>
<arg>service_log_path=${{os.path.devnull}}</arg>
<doc>Opens a new browser instance to the optional ``url``.</doc>
<msg timestamp="20210614 01:34:25.572" level="INFO">Opening browser 'headlessfirefox' to base url 'http://localhost/'.</msg>
<msg timestamp="20210614 01:34:25.573" level="INFO">Browser driver log file created to: /dev/null</msg>
<status status="PASS" starttime="20210614 01:34:25.569" endtime="20210614 01:34:28.583"/>
</kw>
<kw name="Click Element" library="SeleniumLibrary">
<arg>class:button</arg>
<doc>Click the element identified by ``locator``.</doc>
<msg timestamp="20210614 01:34:28.585" level="INFO">Clicking element 'class:button'.</msg>
<status status="PASS" starttime="20210614 01:34:28.584" endtime="20210614 01:34:28.724"/>
</kw>
<kw name="Sleep" library="BuiltIn">
<arg>1s</arg>
<doc>Pauses the test executed for the given time.</doc>
<msg timestamp="20210614 01:34:29.725" level="INFO">Slept 1 second</msg>
<status status="PASS" starttime="20210614 01:34:28.724" endtime="20210614 01:34:29.725"/>
</kw>
<kw name="Execute Javascript" library="SeleniumLibrary">
<arg>document.getElementsByClassName('character')[0].click()</arg>
<doc>Executes the given JavaScript code with possible arguments.</doc>
<msg timestamp="20210614 01:34:29.725" level="INFO">Executing JavaScript:
document.getElementsByClassName('character')[0].click()
Without any arguments.</msg>
<status status="PASS" starttime="20210614 01:34:29.725" endtime="20210614 01:34:29.733"/>
</kw>
<kw name="Sleep" library="BuiltIn">
<arg>1s</arg>
<doc>Pauses the test executed for the given time.</doc>
<msg timestamp="20210614 01:34:30.733" level="INFO">Slept 1 second</msg>
<status status="PASS" starttime="20210614 01:34:29.733" endtime="20210614 01:34:30.734"/>
</kw>
<status status="PASS" starttime="20210614 01:34:25.568" endtime="20210614 01:34:30.735"/>
</kw>
<kw name="Frenar zombis">
<kw name="Execute Javascript" library="SeleniumLibrary">
<arg>clearInterval(interval_attack);</arg>
<doc>Executes the given JavaScript code with possible arguments.</doc>
<msg timestamp="20210614 01:34:30.741" level="INFO">Executing JavaScript:
clearInterval(interval_attack);
Without any arguments.</msg>
<status status="PASS" starttime="20210614 01:34:30.737" endtime="20210614 01:34:30.753"/>
</kw>
<status status="PASS" starttime="20210614 01:34:30.735" endtime="20210614 01:34:30.754"/>
</kw>
<kw name="Execute Javascript" library="SeleniumLibrary">
<var>${arma1}</var>
<arg>return character.weaponActual.getName()</arg>
<doc>Executes the given JavaScript code with possible arguments.</doc>
<msg timestamp="20210614 01:34:30.757" level="INFO">Executing JavaScript:
return character.weaponActual.getName()
Without any arguments.</msg>
<msg timestamp="20210614 01:34:30.768" level="INFO">${arma1} = ak-47</msg>
<status status="PASS" starttime="20210614 01:34:30.755" endtime="20210614 01:34:30.768"/>
</kw>
<kw name="Execute Javascript" library="SeleniumLibrary">
<var>${ammo1}</var>
<arg>return character.weaponActual.getAmmo()</arg>
<doc>Executes the given JavaScript code with possible arguments.</doc>
<msg timestamp="20210614 01:34:30.771" level="INFO">Executing JavaScript:
return character.weaponActual.getAmmo()
Without any arguments.</msg>
<msg timestamp="20210614 01:34:30.782" level="INFO">${ammo1} = 20</msg>
<status status="PASS" starttime="20210614 01:34:30.769" endtime="20210614 01:34:30.782"/>
</kw>
<kw name="Sleep" library="BuiltIn">
<arg>1s</arg>
<doc>Pauses the test executed for the given time.</doc>
<msg timestamp="20210614 01:34:31.784" level="INFO">Slept 1 second</msg>
<status status="PASS" starttime="20210614 01:34:30.783" endtime="20210614 01:34:31.784"/>
</kw>
<kw name="Press Keys" library="SeleniumLibrary">
<arg>none</arg>
<arg>ARROW_UP</arg>
<doc>Simulates the user pressing key(s) to an element or on the active browser.</doc>
<msg timestamp="20210614 01:34:31.785" level="INFO">Sending key(s) ('ARROW_UP',) to page.</msg>
<msg timestamp="20210614 01:34:31.785" level="INFO">Pressing special key ARROW_UP to browser.</msg>
<msg timestamp="20210614 01:34:31.785" level="INFO">Releasing special key ARROW_UP.</msg>
<status status="PASS" starttime="20210614 01:34:31.784" endtime="20210614 01:34:31.796"/>
</kw>
<kw name="Sleep" library="BuiltIn">
<arg>1s</arg>
<doc>Pauses the test executed for the given time.</doc>
<msg timestamp="20210614 01:34:32.797" level="INFO">Slept 1 second</msg>
<status status="PASS" starttime="20210614 01:34:31.797" endtime="20210614 01:34:32.798"/>
</kw>
<kw name="Execute Javascript" library="SeleniumLibrary">
<var>${newammo1}</var>
<arg>return character.weaponActual.getAmmo()</arg>
<doc>Executes the given JavaScript code with possible arguments.</doc>
<msg timestamp="20210614 01:34:32.800" level="INFO">Executing JavaScript:
return character.weaponActual.getAmmo()
Without any arguments.</msg>
<msg timestamp="20210614 01:34:32.813" level="INFO">${newammo1} = 19</msg>
<status status="PASS" starttime="20210614 01:34:32.798" endtime="20210614 01:34:32.813"/>
</kw>
<kw name="Should Be True" library="BuiltIn">
<arg>${ammo1}-1 == ${newammo1}</arg>
<doc>Fails if the given condition is not true.</doc>
<status status="PASS" starttime="20210614 01:34:32.814" endtime="20210614 01:34:32.816"/>
</kw>
<kw name="Press Keys" library="SeleniumLibrary">
<arg>none</arg>
<arg>SPACE</arg>
<doc>Simulates the user pressing key(s) to an element or on the active browser.</doc>
<msg timestamp="20210614 01:34:32.818" level="INFO">Sending key(s) ('SPACE',) to page.</msg>
<msg timestamp="20210614 01:34:32.819" level="INFO">Pressing special key SPACE to browser.</msg>
<msg timestamp="20210614 01:34:32.819" level="INFO">Releasing special key SPACE.</msg>
<status status="PASS" starttime="20210614 01:34:32.816" endtime="20210614 01:34:32.841"/>
</kw>
<kw name="Sleep" library="BuiltIn">
<arg>1s</arg>
<doc>Pauses the test executed for the given time.</doc>
<msg timestamp="20210614 01:34:33.842" level="INFO">Slept 1 second</msg>
<status status="PASS" starttime="20210614 01:34:32.841" endtime="20210614 01:34:33.842"/>
</kw>
<kw name="Execute Javascript" library="SeleniumLibrary">
<var>${arma2}</var>
<arg>return character.weaponActual.getName()</arg>
<doc>Executes the given JavaScript code with possible arguments.</doc>
<msg timestamp="20210614 01:34:33.844" level="INFO">Executing JavaScript:
return character.weaponActual.getName()
Without any arguments.</msg>
<msg timestamp="20210614 01:34:33.855" level="INFO">${arma2} = Pistol</msg>
<status status="PASS" starttime="20210614 01:34:33.843" endtime="20210614 01:34:33.856"/>
</kw>
<kw name="Press Keys" library="SeleniumLibrary">
<arg>none</arg>
<arg>ARROW_DOWN</arg>
<doc>Simulates the user pressing key(s) to an element or on the active browser.</doc>
<msg timestamp="20210614 01:34:33.857" level="INFO">Sending key(s) ('ARROW_DOWN',) to page.</msg>
<msg timestamp="20210614 01:34:33.858" level="INFO">Pressing special key ARROW_DOWN to browser.</msg>
<msg timestamp="20210614 01:34:33.858" level="INFO">Releasing special key ARROW_DOWN.</msg>
<status status="PASS" starttime="20210614 01:34:33.856" endtime="20210614 01:34:33.878"/>
</kw>
<kw name="Should Not Be Equal" library="BuiltIn">
<arg>$(arma1)</arg>
<arg>${arma2}</arg>
<doc>Fails if the given objects are equal.</doc>
<status status="PASS" starttime="20210614 01:34:33.879" endtime="20210614 01:34:33.881"/>
</kw>
<kw name="Cerrar navegador">
<kw name="Sleep" library="BuiltIn">
<arg>1s</arg>
<doc>Pauses the test executed for the given time.</doc>
<msg timestamp="20210614 01:34:34.883" level="INFO">Slept 1 second</msg>
<status status="PASS" starttime="20210614 01:34:33.882" endtime="20210614 01:34:34.884"/>
</kw>
<kw name="Close Browser" library="SeleniumLibrary">
<doc>Closes the current browser.</doc>
<status status="PASS" starttime="20210614 01:34:34.884" endtime="20210614 01:34:35.266"/>
</kw>
<status status="PASS" starttime="20210614 01:34:33.881" endtime="20210614 01:34:35.266"/>
</kw>
<status status="PASS" starttime="20210614 01:34:25.566" endtime="20210614 01:34:35.266"/>
</test>
<status status="FAIL" starttime="20210614 01:30:50.287" endtime="20210614 01:34:35.268"/>
</suite>
<statistics>
<total>
<stat pass="25" fail="1" skip="0">All Tests</stat>
</total>
<tag>
</tag>
<suite>
<stat pass="25" fail="1" skip="0" id="s1" name="Test">Test</stat>
</suite>
</statistics>
<errors>
</errors>
</robot>
